{
  "/Users/dmitrijsereda/Documents/Work/prsnlmgr/src/utils/variables.ts": {
    "path": "/Users/dmitrijsereda/Documents/Work/prsnlmgr/src/utils/variables.ts",
    "statementMap": {
      "0": {
        "start": {
          "line": 3,
          "column": 36
        },
        "end": {
          "line": 9,
          "column": 1
        }
      },
      "1": {
        "start": {
          "line": 11,
          "column": 36
        },
        "end": {
          "line": 17,
          "column": 1
        }
      },
      "2": {
        "start": {
          "line": 19,
          "column": 26
        },
        "end": {
          "line": 32,
          "column": 1
        }
      },
      "3": {
        "start": {
          "line": 34,
          "column": 45
        },
        "end": {
          "line": 49,
          "column": 1
        }
      },
      "4": {
        "start": {
          "line": 51,
          "column": 35
        },
        "end": {
          "line": 51,
          "column": 36
        }
      },
      "5": {
        "start": {
          "line": 53,
          "column": 22
        },
        "end": {
          "line": 60,
          "column": 1
        }
      }
    },
    "fnMap": {},
    "branchMap": {},
    "s": {
      "0": 63,
      "1": 63,
      "2": 63,
      "3": 63,
      "4": 63,
      "5": 63
    },
    "f": {},
    "b": {},
    "_coverageSchema": "1a1c01bbd47fc00a2c39e90264f33305004495a9",
    "hash": "19f31f0fc5702c80de84dafa076afa2652b1d608"
  },
  "/Users/dmitrijsereda/Documents/Work/prsnlmgr/src/components/header/header.styles.tsx": {
    "path": "/Users/dmitrijsereda/Documents/Work/prsnlmgr/src/components/header/header.styles.tsx",
    "statementMap": {
      "0": {
        "start": {
          "line": 4,
          "column": 21
        },
        "end": {
          "line": 14,
          "column": 1
        }
      },
      "1": {
        "start": {
          "line": 16,
          "column": 31
        },
        "end": {
          "line": 45,
          "column": 1
        }
      },
      "2": {
        "start": {
          "line": 47,
          "column": 28
        },
        "end": {
          "line": 64,
          "column": 1
        }
      },
      "3": {
        "start": {
          "line": 66,
          "column": 30
        },
        "end": {
          "line": 70,
          "column": 1
        }
      },
      "4": {
        "start": {
          "line": 72,
          "column": 29
        },
        "end": {
          "line": 82,
          "column": 1
        }
      },
      "5": {
        "start": {
          "line": 84,
          "column": 32
        },
        "end": {
          "line": 86,
          "column": 1
        }
      }
    },
    "fnMap": {},
    "branchMap": {},
    "s": {
      "0": 63,
      "1": 63,
      "2": 63,
      "3": 63,
      "4": 63,
      "5": 63
    },
    "f": {},
    "b": {},
    "_coverageSchema": "1a1c01bbd47fc00a2c39e90264f33305004495a9",
    "hash": "24f95a3ce2981ac9a56cf0cd32b481cf7637ed91"
  },
  "/Users/dmitrijsereda/Documents/Work/prsnlmgr/src/utils/hooks.ts": {
    "path": "/Users/dmitrijsereda/Documents/Work/prsnlmgr/src/utils/hooks.ts",
    "statementMap": {
      "0": {
        "start": {
          "line": 5,
          "column": 30
        },
        "end": {
          "line": 5,
          "column": 62
        }
      },
      "1": {
        "start": {
          "line": 5,
          "column": 36
        },
        "end": {
          "line": 5,
          "column": 62
        }
      },
      "2": {
        "start": {
          "line": 6,
          "column": 63
        },
        "end": {
          "line": 6,
          "column": 74
        }
      }
    },
    "fnMap": {
      "0": {
        "name": "(anonymous_0)",
        "decl": {
          "start": {
            "line": 5,
            "column": 30
          },
          "end": {
            "line": 5,
            "column": 31
          }
        },
        "loc": {
          "start": {
            "line": 5,
            "column": 36
          },
          "end": {
            "line": 5,
            "column": 62
          }
        },
        "line": 5
      }
    },
    "branchMap": {},
    "s": {
      "0": 63,
      "1": 4297,
      "2": 63
    },
    "f": {
      "0": 4297
    },
    "b": {},
    "_coverageSchema": "1a1c01bbd47fc00a2c39e90264f33305004495a9",
    "hash": "9786d6f1d2645b08158bfc90d70d51cb6865c21d"
  },
  "/Users/dmitrijsereda/Documents/Work/prsnlmgr/src/redux/user/user.selectors.ts": {
    "path": "/Users/dmitrijsereda/Documents/Work/prsnlmgr/src/redux/user/user.selectors.ts",
    "statementMap": {
      "0": {
        "start": {
          "line": 4,
          "column": 19
        },
        "end": {
          "line": 4,
          "column": 51
        }
      },
      "1": {
        "start": {
          "line": 4,
          "column": 41
        },
        "end": {
          "line": 4,
          "column": 51
        }
      },
      "2": {
        "start": {
          "line": 6,
          "column": 32
        },
        "end": {
          "line": 9,
          "column": 1
        }
      },
      "3": {
        "start": {
          "line": 8,
          "column": 12
        },
        "end": {
          "line": 8,
          "column": 27
        }
      },
      "4": {
        "start": {
          "line": 11,
          "column": 29
        },
        "end": {
          "line": 14,
          "column": 1
        }
      },
      "5": {
        "start": {
          "line": 13,
          "column": 12
        },
        "end": {
          "line": 13,
          "column": 24
        }
      },
      "6": {
        "start": {
          "line": 16,
          "column": 30
        },
        "end": {
          "line": 19,
          "column": 1
        }
      },
      "7": {
        "start": {
          "line": 18,
          "column": 12
        },
        "end": {
          "line": 18,
          "column": 25
        }
      },
      "8": {
        "start": {
          "line": 21,
          "column": 39
        },
        "end": {
          "line": 24,
          "column": 1
        }
      },
      "9": {
        "start": {
          "line": 23,
          "column": 12
        },
        "end": {
          "line": 23,
          "column": 34
        }
      }
    },
    "fnMap": {
      "0": {
        "name": "(anonymous_0)",
        "decl": {
          "start": {
            "line": 4,
            "column": 19
          },
          "end": {
            "line": 4,
            "column": 20
          }
        },
        "loc": {
          "start": {
            "line": 4,
            "column": 41
          },
          "end": {
            "line": 4,
            "column": 51
          }
        },
        "line": 4
      },
      "1": {
        "name": "(anonymous_1)",
        "decl": {
          "start": {
            "line": 8,
            "column": 2
          },
          "end": {
            "line": 8,
            "column": 3
          }
        },
        "loc": {
          "start": {
            "line": 8,
            "column": 12
          },
          "end": {
            "line": 8,
            "column": 27
          }
        },
        "line": 8
      },
      "2": {
        "name": "(anonymous_2)",
        "decl": {
          "start": {
            "line": 13,
            "column": 2
          },
          "end": {
            "line": 13,
            "column": 3
          }
        },
        "loc": {
          "start": {
            "line": 13,
            "column": 12
          },
          "end": {
            "line": 13,
            "column": 24
          }
        },
        "line": 13
      },
      "3": {
        "name": "(anonymous_3)",
        "decl": {
          "start": {
            "line": 18,
            "column": 2
          },
          "end": {
            "line": 18,
            "column": 3
          }
        },
        "loc": {
          "start": {
            "line": 18,
            "column": 12
          },
          "end": {
            "line": 18,
            "column": 25
          }
        },
        "line": 18
      },
      "4": {
        "name": "(anonymous_4)",
        "decl": {
          "start": {
            "line": 23,
            "column": 2
          },
          "end": {
            "line": 23,
            "column": 3
          }
        },
        "loc": {
          "start": {
            "line": 23,
            "column": 12
          },
          "end": {
            "line": 23,
            "column": 34
          }
        },
        "line": 23
      }
    },
    "branchMap": {},
    "s": {
      "0": 63,
      "1": 743,
      "2": 63,
      "3": 213,
      "4": 63,
      "5": 77,
      "6": 63,
      "7": 16,
      "8": 63,
      "9": 213
    },
    "f": {
      "0": 743,
      "1": 213,
      "2": 77,
      "3": 16,
      "4": 213
    },
    "b": {},
    "_coverageSchema": "1a1c01bbd47fc00a2c39e90264f33305004495a9",
    "hash": "ab9a16af565c70369cacd040a3b9dc728d385817"
  },
  "/Users/dmitrijsereda/Documents/Work/prsnlmgr/src/global.ts": {
    "path": "/Users/dmitrijsereda/Documents/Work/prsnlmgr/src/global.ts",
    "statementMap": {
      "0": {
        "start": {
          "line": 8,
          "column": 24
        },
        "end": {
          "line": 18,
          "column": 1
        }
      },
      "1": {
        "start": {
          "line": 43,
          "column": 36
        },
        "end": {
          "line": 45,
          "column": 1
        }
      },
      "2": {
        "start": {
          "line": 47,
          "column": 45
        },
        "end": {
          "line": 49,
          "column": 1
        }
      },
      "3": {
        "start": {
          "line": 51,
          "column": 30
        },
        "end": {
          "line": 56,
          "column": 1
        }
      },
      "4": {
        "start": {
          "line": 58,
          "column": 21
        },
        "end": {
          "line": 72,
          "column": 1
        }
      },
      "5": {
        "start": {
          "line": 67,
          "column": 4
        },
        "end": {
          "line": 67,
          "column": 62
        }
      },
      "6": {
        "start": {
          "line": 74,
          "column": 21
        },
        "end": {
          "line": 78,
          "column": 1
        }
      },
      "7": {
        "start": {
          "line": 80,
          "column": 24
        },
        "end": {
          "line": 84,
          "column": 1
        }
      },
      "8": {
        "start": {
          "line": 86,
          "column": 24
        },
        "end": {
          "line": 91,
          "column": 1
        }
      },
      "9": {
        "start": {
          "line": 93,
          "column": 29
        },
        "end": {
          "line": 100,
          "column": 1
        }
      },
      "10": {
        "start": {
          "line": 102,
          "column": 22
        },
        "end": {
          "line": 115,
          "column": 1
        }
      },
      "11": {
        "start": {
          "line": 110,
          "column": 4
        },
        "end": {
          "line": 110,
          "column": 62
        }
      },
      "12": {
        "start": {
          "line": 117,
          "column": 24
        },
        "end": {
          "line": 128,
          "column": 1
        }
      },
      "13": {
        "start": {
          "line": 130,
          "column": 29
        },
        "end": {
          "line": 144,
          "column": 1
        }
      },
      "14": {
        "start": {
          "line": 146,
          "column": 28
        },
        "end": {
          "line": 148,
          "column": 1
        }
      },
      "15": {
        "start": {
          "line": 150,
          "column": 28
        },
        "end": {
          "line": 155,
          "column": 1
        }
      },
      "16": {
        "start": {
          "line": 157,
          "column": 28
        },
        "end": {
          "line": 161,
          "column": 1
        }
      },
      "17": {
        "start": {
          "line": 163,
          "column": 33
        },
        "end": {
          "line": 174,
          "column": 1
        }
      }
    },
    "fnMap": {
      "0": {
        "name": "(anonymous_0)",
        "decl": {
          "start": {
            "line": 66,
            "column": 4
          },
          "end": {
            "line": 66,
            "column": 5
          }
        },
        "loc": {
          "start": {
            "line": 67,
            "column": 4
          },
          "end": {
            "line": 67,
            "column": 62
          }
        },
        "line": 67
      },
      "1": {
        "name": "(anonymous_1)",
        "decl": {
          "start": {
            "line": 109,
            "column": 4
          },
          "end": {
            "line": 109,
            "column": 5
          }
        },
        "loc": {
          "start": {
            "line": 110,
            "column": 4
          },
          "end": {
            "line": 110,
            "column": 62
          }
        },
        "line": 110
      }
    },
    "branchMap": {
      "0": {
        "loc": {
          "start": {
            "line": 67,
            "column": 4
          },
          "end": {
            "line": 67,
            "column": 62
          }
        },
        "type": "binary-expr",
        "locations": [
          {
            "start": {
              "line": 67,
              "column": 4
            },
            "end": {
              "line": 67,
              "column": 17
            }
          },
          {
            "start": {
              "line": 67,
              "column": 21
            },
            "end": {
              "line": 67,
              "column": 62
            }
          }
        ],
        "line": 67
      },
      "1": {
        "loc": {
          "start": {
            "line": 110,
            "column": 4
          },
          "end": {
            "line": 110,
            "column": 62
          }
        },
        "type": "binary-expr",
        "locations": [
          {
            "start": {
              "line": 110,
              "column": 4
            },
            "end": {
              "line": 110,
              "column": 17
            }
          },
          {
            "start": {
              "line": 110,
              "column": 21
            },
            "end": {
              "line": 110,
              "column": 62
            }
          }
        ],
        "line": 110
      }
    },
    "s": {
      "0": 63,
      "1": 63,
      "2": 63,
      "3": 63,
      "4": 63,
      "5": 5547,
      "6": 63,
      "7": 63,
      "8": 63,
      "9": 63,
      "10": 63,
      "11": 1453,
      "12": 63,
      "13": 63,
      "14": 63,
      "15": 63,
      "16": 63,
      "17": 63
    },
    "f": {
      "0": 5547,
      "1": 1453
    },
    "b": {
      "0": [
        5547,
        84
      ],
      "1": [
        1453,
        3
      ]
    },
    "_coverageSchema": "1a1c01bbd47fc00a2c39e90264f33305004495a9",
    "hash": "237650853e97e281fd4763b7cd55c4c1be2bcebb"
  },
  "/Users/dmitrijsereda/Documents/Work/prsnlmgr/src/redux/helpers/helpers.reducer.ts": {
    "path": "/Users/dmitrijsereda/Documents/Work/prsnlmgr/src/redux/helpers/helpers.reducer.ts",
    "statementMap": {
      "0": {
        "start": {
          "line": 4,
          "column": 35
        },
        "end": {
          "line": 13,
          "column": 1
        }
      },
      "1": {
        "start": {
          "line": 15,
          "column": 21
        },
        "end": {
          "line": 35,
          "column": 2
        }
      },
      "2": {
        "start": {
          "line": 20,
          "column": 6
        },
        "end": {
          "line": 20,
          "column": 49
        }
      },
      "3": {
        "start": {
          "line": 23,
          "column": 6
        },
        "end": {
          "line": 23,
          "column": 35
        }
      },
      "4": {
        "start": {
          "line": 26,
          "column": 6
        },
        "end": {
          "line": 26,
          "column": 46
        }
      },
      "5": {
        "start": {
          "line": 29,
          "column": 6
        },
        "end": {
          "line": 29,
          "column": 40
        }
      },
      "6": {
        "start": {
          "line": 32,
          "column": 6
        },
        "end": {
          "line": 32,
          "column": 44
        }
      },
      "7": {
        "start": {
          "line": 43,
          "column": 4
        },
        "end": {
          "line": 43,
          "column": 24
        }
      }
    },
    "fnMap": {
      "0": {
        "name": "(anonymous_0)",
        "decl": {
          "start": {
            "line": 19,
            "column": 4
          },
          "end": {
            "line": 19,
            "column": 5
          }
        },
        "loc": {
          "start": {
            "line": 19,
            "column": 63
          },
          "end": {
            "line": 21,
            "column": 5
          }
        },
        "line": 19
      },
      "1": {
        "name": "(anonymous_1)",
        "decl": {
          "start": {
            "line": 22,
            "column": 4
          },
          "end": {
            "line": 22,
            "column": 5
          }
        },
        "loc": {
          "start": {
            "line": 22,
            "column": 53
          },
          "end": {
            "line": 24,
            "column": 5
          }
        },
        "line": 22
      },
      "2": {
        "name": "(anonymous_2)",
        "decl": {
          "start": {
            "line": 25,
            "column": 4
          },
          "end": {
            "line": 25,
            "column": 5
          }
        },
        "loc": {
          "start": {
            "line": 25,
            "column": 65
          },
          "end": {
            "line": 27,
            "column": 5
          }
        },
        "line": 25
      },
      "3": {
        "name": "(anonymous_3)",
        "decl": {
          "start": {
            "line": 28,
            "column": 4
          },
          "end": {
            "line": 28,
            "column": 5
          }
        },
        "loc": {
          "start": {
            "line": 28,
            "column": 60
          },
          "end": {
            "line": 30,
            "column": 5
          }
        },
        "line": 28
      },
      "4": {
        "name": "(anonymous_4)",
        "decl": {
          "start": {
            "line": 31,
            "column": 4
          },
          "end": {
            "line": 31,
            "column": 5
          }
        },
        "loc": {
          "start": {
            "line": 31,
            "column": 64
          },
          "end": {
            "line": 33,
            "column": 5
          }
        },
        "line": 31
      }
    },
    "branchMap": {},
    "s": {
      "0": 63,
      "1": 63,
      "2": 14,
      "3": 57,
      "4": 185,
      "5": 51,
      "6": 177,
      "7": 63
    },
    "f": {
      "0": 14,
      "1": 57,
      "2": 185,
      "3": 51,
      "4": 177
    },
    "b": {},
    "_coverageSchema": "1a1c01bbd47fc00a2c39e90264f33305004495a9",
    "hash": "f7506a33511c2b7cfbea53d3b8800e5b600f4b2a"
  },
  "/Users/dmitrijsereda/Documents/Work/prsnlmgr/src/redux/helpers/helpers.selector.ts": {
    "path": "/Users/dmitrijsereda/Documents/Work/prsnlmgr/src/redux/helpers/helpers.selector.ts",
    "statementMap": {
      "0": {
        "start": {
          "line": 4,
          "column": 22
        },
        "end": {
          "line": 4,
          "column": 57
        }
      },
      "1": {
        "start": {
          "line": 4,
          "column": 44
        },
        "end": {
          "line": 4,
          "column": 57
        }
      },
      "2": {
        "start": {
          "line": 6,
          "column": 35
        },
        "end": {
          "line": 9,
          "column": 1
        }
      },
      "3": {
        "start": {
          "line": 8,
          "column": 12
        },
        "end": {
          "line": 8,
          "column": 36
        }
      },
      "4": {
        "start": {
          "line": 11,
          "column": 27
        },
        "end": {
          "line": 14,
          "column": 1
        }
      },
      "5": {
        "start": {
          "line": 13,
          "column": 12
        },
        "end": {
          "line": 13,
          "column": 22
        }
      },
      "6": {
        "start": {
          "line": 16,
          "column": 38
        },
        "end": {
          "line": 19,
          "column": 1
        }
      },
      "7": {
        "start": {
          "line": 18,
          "column": 12
        },
        "end": {
          "line": 18,
          "column": 33
        }
      },
      "8": {
        "start": {
          "line": 21,
          "column": 32
        },
        "end": {
          "line": 24,
          "column": 1
        }
      },
      "9": {
        "start": {
          "line": 23,
          "column": 12
        },
        "end": {
          "line": 23,
          "column": 27
        }
      },
      "10": {
        "start": {
          "line": 26,
          "column": 36
        },
        "end": {
          "line": 29,
          "column": 1
        }
      },
      "11": {
        "start": {
          "line": 28,
          "column": 12
        },
        "end": {
          "line": 28,
          "column": 31
        }
      }
    },
    "fnMap": {
      "0": {
        "name": "(anonymous_0)",
        "decl": {
          "start": {
            "line": 4,
            "column": 22
          },
          "end": {
            "line": 4,
            "column": 23
          }
        },
        "loc": {
          "start": {
            "line": 4,
            "column": 44
          },
          "end": {
            "line": 4,
            "column": 57
          }
        },
        "line": 4
      },
      "1": {
        "name": "(anonymous_1)",
        "decl": {
          "start": {
            "line": 8,
            "column": 2
          },
          "end": {
            "line": 8,
            "column": 3
          }
        },
        "loc": {
          "start": {
            "line": 8,
            "column": 12
          },
          "end": {
            "line": 8,
            "column": 36
          }
        },
        "line": 8
      },
      "2": {
        "name": "(anonymous_2)",
        "decl": {
          "start": {
            "line": 13,
            "column": 2
          },
          "end": {
            "line": 13,
            "column": 3
          }
        },
        "loc": {
          "start": {
            "line": 13,
            "column": 12
          },
          "end": {
            "line": 13,
            "column": 22
          }
        },
        "line": 13
      },
      "3": {
        "name": "(anonymous_3)",
        "decl": {
          "start": {
            "line": 18,
            "column": 2
          },
          "end": {
            "line": 18,
            "column": 3
          }
        },
        "loc": {
          "start": {
            "line": 18,
            "column": 12
          },
          "end": {
            "line": 18,
            "column": 33
          }
        },
        "line": 18
      },
      "4": {
        "name": "(anonymous_4)",
        "decl": {
          "start": {
            "line": 23,
            "column": 2
          },
          "end": {
            "line": 23,
            "column": 3
          }
        },
        "loc": {
          "start": {
            "line": 23,
            "column": 12
          },
          "end": {
            "line": 23,
            "column": 27
          }
        },
        "line": 23
      },
      "5": {
        "name": "(anonymous_5)",
        "decl": {
          "start": {
            "line": 28,
            "column": 2
          },
          "end": {
            "line": 28,
            "column": 3
          }
        },
        "loc": {
          "start": {
            "line": 28,
            "column": 12
          },
          "end": {
            "line": 28,
            "column": 31
          }
        },
        "line": 28
      }
    },
    "branchMap": {},
    "s": {
      "0": 63,
      "1": 1065,
      "2": 63,
      "3": 154,
      "4": 63,
      "5": 75,
      "6": 63,
      "7": 56,
      "8": 63,
      "9": 154,
      "10": 63,
      "11": 154
    },
    "f": {
      "0": 1065,
      "1": 154,
      "2": 75,
      "3": 56,
      "4": 154,
      "5": 154
    },
    "b": {},
    "_coverageSchema": "1a1c01bbd47fc00a2c39e90264f33305004495a9",
    "hash": "5a95f603a11230f19b70c879ae983c9189c0af28"
  },
  "/Users/dmitrijsereda/Documents/Work/prsnlmgr/src/components/hamburger/hamburger.styles.tsx": {
    "path": "/Users/dmitrijsereda/Documents/Work/prsnlmgr/src/components/hamburger/hamburger.styles.tsx",
    "statementMap": {
      "0": {
        "start": {
          "line": 8,
          "column": 34
        },
        "end": {
          "line": 56,
          "column": 1
        }
      },
      "1": {
        "start": {
          "line": 30,
          "column": 6
        },
        "end": {
          "line": 30,
          "column": 61
        }
      },
      "2": {
        "start": {
          "line": 38,
          "column": 8
        },
        "end": {
          "line": 38,
          "column": 52
        }
      },
      "3": {
        "start": {
          "line": 42,
          "column": 36
        },
        "end": {
          "line": 42,
          "column": 60
        }
      },
      "4": {
        "start": {
          "line": 44,
          "column": 8
        },
        "end": {
          "line": 44,
          "column": 59
        }
      },
      "5": {
        "start": {
          "line": 49,
          "column": 8
        },
        "end": {
          "line": 49,
          "column": 53
        }
      }
    },
    "fnMap": {
      "0": {
        "name": "(anonymous_0)",
        "decl": {
          "start": {
            "line": 29,
            "column": 24
          },
          "end": {
            "line": 29,
            "column": 25
          }
        },
        "loc": {
          "start": {
            "line": 30,
            "column": 6
          },
          "end": {
            "line": 30,
            "column": 61
          }
        },
        "line": 30
      },
      "1": {
        "name": "(anonymous_1)",
        "decl": {
          "start": {
            "line": 37,
            "column": 19
          },
          "end": {
            "line": 37,
            "column": 20
          }
        },
        "loc": {
          "start": {
            "line": 38,
            "column": 8
          },
          "end": {
            "line": 38,
            "column": 52
          }
        },
        "line": 38
      },
      "2": {
        "name": "(anonymous_2)",
        "decl": {
          "start": {
            "line": 42,
            "column": 17
          },
          "end": {
            "line": 42,
            "column": 18
          }
        },
        "loc": {
          "start": {
            "line": 42,
            "column": 36
          },
          "end": {
            "line": 42,
            "column": 60
          }
        },
        "line": 42
      },
      "3": {
        "name": "(anonymous_3)",
        "decl": {
          "start": {
            "line": 43,
            "column": 19
          },
          "end": {
            "line": 43,
            "column": 20
          }
        },
        "loc": {
          "start": {
            "line": 44,
            "column": 8
          },
          "end": {
            "line": 44,
            "column": 59
          }
        },
        "line": 44
      },
      "4": {
        "name": "(anonymous_4)",
        "decl": {
          "start": {
            "line": 48,
            "column": 19
          },
          "end": {
            "line": 48,
            "column": 20
          }
        },
        "loc": {
          "start": {
            "line": 49,
            "column": 8
          },
          "end": {
            "line": 49,
            "column": 53
          }
        },
        "line": 49
      }
    },
    "branchMap": {
      "0": {
        "loc": {
          "start": {
            "line": 30,
            "column": 6
          },
          "end": {
            "line": 30,
            "column": 61
          }
        },
        "type": "cond-expr",
        "locations": [
          {
            "start": {
              "line": 30,
              "column": 21
            },
            "end": {
              "line": 30,
              "column": 39
            }
          },
          {
            "start": {
              "line": 30,
              "column": 42
            },
            "end": {
              "line": 30,
              "column": 61
            }
          }
        ],
        "line": 30
      },
      "1": {
        "loc": {
          "start": {
            "line": 38,
            "column": 8
          },
          "end": {
            "line": 38,
            "column": 52
          }
        },
        "type": "cond-expr",
        "locations": [
          {
            "start": {
              "line": 38,
              "column": 23
            },
            "end": {
              "line": 38,
              "column": 38
            }
          },
          {
            "start": {
              "line": 38,
              "column": 41
            },
            "end": {
              "line": 38,
              "column": 52
            }
          }
        ],
        "line": 38
      },
      "2": {
        "loc": {
          "start": {
            "line": 42,
            "column": 36
          },
          "end": {
            "line": 42,
            "column": 60
          }
        },
        "type": "cond-expr",
        "locations": [
          {
            "start": {
              "line": 42,
              "column": 51
            },
            "end": {
              "line": 42,
              "column": 54
            }
          },
          {
            "start": {
              "line": 42,
              "column": 57
            },
            "end": {
              "line": 42,
              "column": 60
            }
          }
        ],
        "line": 42
      },
      "3": {
        "loc": {
          "start": {
            "line": 44,
            "column": 8
          },
          "end": {
            "line": 44,
            "column": 59
          }
        },
        "type": "cond-expr",
        "locations": [
          {
            "start": {
              "line": 44,
              "column": 23
            },
            "end": {
              "line": 44,
              "column": 41
            }
          },
          {
            "start": {
              "line": 44,
              "column": 44
            },
            "end": {
              "line": 44,
              "column": 59
            }
          }
        ],
        "line": 44
      },
      "4": {
        "loc": {
          "start": {
            "line": 49,
            "column": 8
          },
          "end": {
            "line": 49,
            "column": 53
          }
        },
        "type": "cond-expr",
        "locations": [
          {
            "start": {
              "line": 49,
              "column": 23
            },
            "end": {
              "line": 49,
              "column": 39
            }
          },
          {
            "start": {
              "line": 49,
              "column": 42
            },
            "end": {
              "line": 49,
              "column": 53
            }
          }
        ],
        "line": 49
      }
    },
    "s": {
      "0": 63,
      "1": 305,
      "2": 305,
      "3": 305,
      "4": 305,
      "5": 305
    },
    "f": {
      "0": 305,
      "1": 305,
      "2": 305,
      "3": 305,
      "4": 305
    },
    "b": {
      "0": [
        0,
        305
      ],
      "1": [
        0,
        305
      ],
      "2": [
        0,
        305
      ],
      "3": [
        0,
        305
      ],
      "4": [
        0,
        305
      ]
    },
    "_coverageSchema": "1a1c01bbd47fc00a2c39e90264f33305004495a9",
    "hash": "16f62844f70e324a4ac2121c50d5b03be127a009"
  },
  "/Users/dmitrijsereda/Documents/Work/prsnlmgr/src/components/hamburger/hamburger.component.tsx": {
    "path": "/Users/dmitrijsereda/Documents/Work/prsnlmgr/src/components/hamburger/hamburger.component.tsx",
    "statementMap": {
      "0": {
        "start": {
          "line": 7,
          "column": 28
        },
        "end": {
          "line": 20,
          "column": 1
        }
      },
      "1": {
        "start": {
          "line": 8,
          "column": 21
        },
        "end": {
          "line": 8,
          "column": 53
        }
      },
      "2": {
        "start": {
          "line": 9,
          "column": 19
        },
        "end": {
          "line": 9,
          "column": 35
        }
      },
      "3": {
        "start": {
          "line": 10,
          "column": 2
        },
        "end": {
          "line": 19,
          "column": 4
        }
      },
      "4": {
        "start": {
          "line": 12,
          "column": 21
        },
        "end": {
          "line": 12,
          "column": 60
        }
      }
    },
    "fnMap": {
      "0": {
        "name": "(anonymous_0)",
        "decl": {
          "start": {
            "line": 7,
            "column": 28
          },
          "end": {
            "line": 7,
            "column": 29
          }
        },
        "loc": {
          "start": {
            "line": 7,
            "column": 34
          },
          "end": {
            "line": 20,
            "column": 1
          }
        },
        "line": 7
      },
      "1": {
        "name": "(anonymous_1)",
        "decl": {
          "start": {
            "line": 12,
            "column": 15
          },
          "end": {
            "line": 12,
            "column": 16
          }
        },
        "loc": {
          "start": {
            "line": 12,
            "column": 21
          },
          "end": {
            "line": 12,
            "column": 60
          }
        },
        "line": 12
      }
    },
    "branchMap": {},
    "s": {
      "0": 63,
      "1": 305,
      "2": 305,
      "3": 305,
      "4": 0
    },
    "f": {
      "0": 305,
      "1": 0
    },
    "b": {},
    "_coverageSchema": "1a1c01bbd47fc00a2c39e90264f33305004495a9",
    "hash": "17f6b9b400dc1db6b4d1919201ee9634b88bf50a"
  },
  "/Users/dmitrijsereda/Documents/Work/prsnlmgr/src/firebase.ts": {
    "path": "/Users/dmitrijsereda/Documents/Work/prsnlmgr/src/firebase.ts",
    "statementMap": {
      "0": {
        "start": {
          "line": 7,
          "column": 23
        },
        "end": {
          "line": 14,
          "column": 1
        }
      },
      "1": {
        "start": {
          "line": 17,
          "column": 19
        },
        "end": {
          "line": 17,
          "column": 48
        }
      },
      "2": {
        "start": {
          "line": 18,
          "column": 20
        },
        "end": {
          "line": 18,
          "column": 32
        }
      },
      "3": {
        "start": {
          "line": 19,
          "column": 18
        },
        "end": {
          "line": 19,
          "column": 34
        }
      }
    },
    "fnMap": {},
    "branchMap": {},
    "s": {
      "0": 63,
      "1": 63,
      "2": 63,
      "3": 63
    },
    "f": {},
    "b": {},
    "_coverageSchema": "1a1c01bbd47fc00a2c39e90264f33305004495a9",
    "hash": "7955af6fd4ec0db701df65bff70a0ea5fa299137"
  },
  "/Users/dmitrijsereda/Documents/Work/prsnlmgr/src/components/dropdown-menu/dropdown-menu.styles.tsx": {
    "path": "/Users/dmitrijsereda/Documents/Work/prsnlmgr/src/components/dropdown-menu/dropdown-menu.styles.tsx",
    "statementMap": {
      "0": {
        "start": {
          "line": 4,
          "column": 37
        },
        "end": {
          "line": 51,
          "column": 1
        }
      }
    },
    "fnMap": {},
    "branchMap": {},
    "s": {
      "0": 63
    },
    "f": {},
    "b": {},
    "_coverageSchema": "1a1c01bbd47fc00a2c39e90264f33305004495a9",
    "hash": "123cab461c7679304a7f6e3500331a78bf88432f"
  },
  "/Users/dmitrijsereda/Documents/Work/prsnlmgr/src/components/dropdown-menu/dropdown-menu.component.tsx": {
    "path": "/Users/dmitrijsereda/Documents/Work/prsnlmgr/src/components/dropdown-menu/dropdown-menu.component.tsx",
    "statementMap": {
      "0": {
        "start": {
          "line": 10,
          "column": 31
        },
        "end": {
          "line": 37,
          "column": 1
        }
      },
      "1": {
        "start": {
          "line": 11,
          "column": 25
        },
        "end": {
          "line": 11,
          "column": 61
        }
      },
      "2": {
        "start": {
          "line": 12,
          "column": 19
        },
        "end": {
          "line": 12,
          "column": 32
        }
      },
      "3": {
        "start": {
          "line": 13,
          "column": 19
        },
        "end": {
          "line": 13,
          "column": 35
        }
      },
      "4": {
        "start": {
          "line": 15,
          "column": 23
        },
        "end": {
          "line": 23,
          "column": 3
        }
      },
      "5": {
        "start": {
          "line": 16,
          "column": 4
        },
        "end": {
          "line": 16,
          "column": 23
        }
      },
      "6": {
        "start": {
          "line": 17,
          "column": 4
        },
        "end": {
          "line": 17,
          "column": 52
        }
      },
      "7": {
        "start": {
          "line": 18,
          "column": 4
        },
        "end": {
          "line": 22,
          "column": 26
        }
      },
      "8": {
        "start": {
          "line": 20,
          "column": 8
        },
        "end": {
          "line": 20,
          "column": 27
        }
      },
      "9": {
        "start": {
          "line": 25,
          "column": 2
        },
        "end": {
          "line": 36,
          "column": 4
        }
      }
    },
    "fnMap": {
      "0": {
        "name": "(anonymous_0)",
        "decl": {
          "start": {
            "line": 10,
            "column": 31
          },
          "end": {
            "line": 10,
            "column": 32
          }
        },
        "loc": {
          "start": {
            "line": 10,
            "column": 37
          },
          "end": {
            "line": 37,
            "column": 1
          }
        },
        "line": 10
      },
      "1": {
        "name": "(anonymous_1)",
        "decl": {
          "start": {
            "line": 15,
            "column": 23
          },
          "end": {
            "line": 15,
            "column": 24
          }
        },
        "loc": {
          "start": {
            "line": 15,
            "column": 67
          },
          "end": {
            "line": 23,
            "column": 3
          }
        },
        "line": 15
      },
      "2": {
        "name": "(anonymous_2)",
        "decl": {
          "start": {
            "line": 19,
            "column": 12
          },
          "end": {
            "line": 19,
            "column": 13
          }
        },
        "loc": {
          "start": {
            "line": 19,
            "column": 18
          },
          "end": {
            "line": 21,
            "column": 7
          }
        },
        "line": 19
      },
      "3": {
        "name": "(anonymous_3)",
        "decl": {
          "start": {
            "line": 22,
            "column": 13
          },
          "end": {
            "line": 22,
            "column": 14
          }
        },
        "loc": {
          "start": {
            "line": 22,
            "column": 22
          },
          "end": {
            "line": 22,
            "column": 24
          }
        },
        "line": 22
      }
    },
    "branchMap": {},
    "s": {
      "0": 63,
      "1": 12,
      "2": 12,
      "3": 12,
      "4": 12,
      "5": 0,
      "6": 0,
      "7": 0,
      "8": 0,
      "9": 12
    },
    "f": {
      "0": 12,
      "1": 0,
      "2": 0,
      "3": 0
    },
    "b": {},
    "_coverageSchema": "1a1c01bbd47fc00a2c39e90264f33305004495a9",
    "hash": "d78b9d1b35e358220d2a389c60e3ba30dd38399b"
  },
  "/Users/dmitrijsereda/Documents/Work/prsnlmgr/src/components/header/header.component.tsx": {
    "path": "/Users/dmitrijsereda/Documents/Work/prsnlmgr/src/components/header/header.component.tsx",
    "statementMap": {
      "0": {
        "start": {
          "line": 21,
          "column": 25
        },
        "end": {
          "line": 88,
          "column": 1
        }
      },
      "1": {
        "start": {
          "line": 22,
          "column": 22
        },
        "end": {
          "line": 22,
          "column": 54
        }
      },
      "2": {
        "start": {
          "line": 23,
          "column": 25
        },
        "end": {
          "line": 23,
          "column": 61
        }
      },
      "3": {
        "start": {
          "line": 24,
          "column": 32
        },
        "end": {
          "line": 24,
          "column": 44
        }
      },
      "4": {
        "start": {
          "line": 25,
          "column": 19
        },
        "end": {
          "line": 25,
          "column": 32
        }
      },
      "5": {
        "start": {
          "line": 26,
          "column": 19
        },
        "end": {
          "line": 26,
          "column": 35
        }
      },
      "6": {
        "start": {
          "line": 28,
          "column": 2
        },
        "end": {
          "line": 44,
          "column": 17
        }
      },
      "7": {
        "start": {
          "line": 29,
          "column": 4
        },
        "end": {
          "line": 43,
          "column": 5
        }
      },
      "8": {
        "start": {
          "line": 31,
          "column": 8
        },
        "end": {
          "line": 31,
          "column": 35
        }
      },
      "9": {
        "start": {
          "line": 32,
          "column": 8
        },
        "end": {
          "line": 32,
          "column": 14
        }
      },
      "10": {
        "start": {
          "line": 34,
          "column": 8
        },
        "end": {
          "line": 34,
          "column": 30
        }
      },
      "11": {
        "start": {
          "line": 35,
          "column": 8
        },
        "end": {
          "line": 35,
          "column": 14
        }
      },
      "12": {
        "start": {
          "line": 37,
          "column": 8
        },
        "end": {
          "line": 37,
          "column": 32
        }
      },
      "13": {
        "start": {
          "line": 38,
          "column": 8
        },
        "end": {
          "line": 38,
          "column": 14
        }
      },
      "14": {
        "start": {
          "line": 40,
          "column": 8
        },
        "end": {
          "line": 40,
          "column": 30
        }
      },
      "15": {
        "start": {
          "line": 41,
          "column": 8
        },
        "end": {
          "line": 41,
          "column": 14
        }
      },
      "16": {
        "start": {
          "line": 46,
          "column": 2
        },
        "end": {
          "line": 87,
          "column": 4
        }
      },
      "17": {
        "start": {
          "line": 64,
          "column": 16
        },
        "end": {
          "line": 64,
          "column": 64
        }
      }
    },
    "fnMap": {
      "0": {
        "name": "(anonymous_0)",
        "decl": {
          "start": {
            "line": 21,
            "column": 25
          },
          "end": {
            "line": 21,
            "column": 26
          }
        },
        "loc": {
          "start": {
            "line": 21,
            "column": 31
          },
          "end": {
            "line": 88,
            "column": 1
          }
        },
        "line": 21
      },
      "1": {
        "name": "(anonymous_1)",
        "decl": {
          "start": {
            "line": 28,
            "column": 12
          },
          "end": {
            "line": 28,
            "column": 13
          }
        },
        "loc": {
          "start": {
            "line": 28,
            "column": 18
          },
          "end": {
            "line": 44,
            "column": 3
          }
        },
        "line": 28
      },
      "2": {
        "name": "(anonymous_2)",
        "decl": {
          "start": {
            "line": 63,
            "column": 23
          },
          "end": {
            "line": 63,
            "column": 24
          }
        },
        "loc": {
          "start": {
            "line": 63,
            "column": 29
          },
          "end": {
            "line": 65,
            "column": 15
          }
        },
        "line": 63
      }
    },
    "branchMap": {
      "0": {
        "loc": {
          "start": {
            "line": 29,
            "column": 4
          },
          "end": {
            "line": 43,
            "column": 5
          }
        },
        "type": "switch",
        "locations": [
          {
            "start": {
              "line": 30,
              "column": 6
            },
            "end": {
              "line": 32,
              "column": 14
            }
          },
          {
            "start": {
              "line": 33,
              "column": 6
            },
            "end": {
              "line": 35,
              "column": 14
            }
          },
          {
            "start": {
              "line": 36,
              "column": 6
            },
            "end": {
              "line": 38,
              "column": 14
            }
          },
          {
            "start": {
              "line": 39,
              "column": 6
            },
            "end": {
              "line": 41,
              "column": 14
            }
          },
          {
            "start": {
              "line": 42,
              "column": 6
            },
            "end": {
              "line": 42,
              "column": 14
            }
          }
        ],
        "line": 29
      },
      "1": {
        "loc": {
          "start": {
            "line": 49,
            "column": 9
          },
          "end": {
            "line": 56,
            "column": 9
          }
        },
        "type": "cond-expr",
        "locations": [
          {
            "start": {
              "line": 50,
              "column": 10
            },
            "end": {
              "line": 50,
              "column": 69
            }
          },
          {
            "start": {
              "line": 52,
              "column": 10
            },
            "end": {
              "line": 55,
              "column": 13
            }
          }
        ],
        "line": 49
      },
      "2": {
        "loc": {
          "start": {
            "line": 58,
            "column": 7
          },
          "end": {
            "line": 85,
            "column": 7
          }
        },
        "type": "cond-expr",
        "locations": [
          {
            "start": {
              "line": 59,
              "column": 8
            },
            "end": {
              "line": 80,
              "column": 11
            }
          },
          {
            "start": {
              "line": 82,
              "column": 8
            },
            "end": {
              "line": 84,
              "column": 15
            }
          }
        ],
        "line": 58
      },
      "3": {
        "loc": {
          "start": {
            "line": 78,
            "column": 13
          },
          "end": {
            "line": 78,
            "column": 47
          }
        },
        "type": "binary-expr",
        "locations": [
          {
            "start": {
              "line": 78,
              "column": 13
            },
            "end": {
              "line": 78,
              "column": 27
            }
          },
          {
            "start": {
              "line": 78,
              "column": 31
            },
            "end": {
              "line": 78,
              "column": 47
            }
          }
        ],
        "line": 78
      }
    },
    "s": {
      "0": 63,
      "1": 534,
      "2": 534,
      "3": 534,
      "4": 534,
      "5": 534,
      "6": 534,
      "7": 237,
      "8": 109,
      "9": 109,
      "10": 38,
      "11": 38,
      "12": 6,
      "13": 6,
      "14": 6,
      "15": 6,
      "16": 534,
      "17": 6
    },
    "f": {
      "0": 534,
      "1": 237,
      "2": 6
    },
    "b": {
      "0": [
        109,
        38,
        6,
        6,
        78
      ],
      "1": [
        126,
        408
      ],
      "2": [
        408,
        126
      ],
      "3": [
        408,
        12
      ]
    },
    "_coverageSchema": "1a1c01bbd47fc00a2c39e90264f33305004495a9",
    "hash": "fc11d5dc1accb408b9c9aa73ee6933c58b8a93cf"
  },
  "/Users/dmitrijsereda/Documents/Work/prsnlmgr/src/components/auth-form/auth-form.styles.tsx": {
    "path": "/Users/dmitrijsereda/Documents/Work/prsnlmgr/src/components/auth-form/auth-form.styles.tsx",
    "statementMap": {
      "0": {
        "start": {
          "line": 5,
          "column": 33
        },
        "end": {
          "line": 9,
          "column": 1
        }
      },
      "1": {
        "start": {
          "line": 11,
          "column": 35
        },
        "end": {
          "line": 31,
          "column": 1
        }
      }
    },
    "fnMap": {},
    "branchMap": {},
    "s": {
      "0": 63,
      "1": 63
    },
    "f": {},
    "b": {},
    "_coverageSchema": "1a1c01bbd47fc00a2c39e90264f33305004495a9",
    "hash": "81b5feb26633bb59ef722023aa5b89e197efa8c1"
  },
  "/Users/dmitrijsereda/Documents/Work/prsnlmgr/src/components/auth-form/auth-form.component.tsx": {
    "path": "/Users/dmitrijsereda/Documents/Work/prsnlmgr/src/components/auth-form/auth-form.component.tsx",
    "statementMap": {
      "0": {
        "start": {
          "line": 14,
          "column": 34
        },
        "end": {
          "line": 71,
          "column": 1
        }
      },
      "1": {
        "start": {
          "line": 15,
          "column": 40
        },
        "end": {
          "line": 15,
          "column": 77
        }
      },
      "2": {
        "start": {
          "line": 17,
          "column": 28
        },
        "end": {
          "line": 20,
          "column": 3
        }
      },
      "3": {
        "start": {
          "line": 18,
          "column": 28
        },
        "end": {
          "line": 18,
          "column": 43
        }
      },
      "4": {
        "start": {
          "line": 19,
          "column": 4
        },
        "end": {
          "line": 19,
          "column": 54
        }
      },
      "5": {
        "start": {
          "line": 22,
          "column": 2
        },
        "end": {
          "line": 70,
          "column": 4
        }
      },
      "6": {
        "start": {
          "line": 25,
          "column": 8
        },
        "end": {
          "line": 25,
          "column": 40
        }
      }
    },
    "fnMap": {
      "0": {
        "name": "(anonymous_0)",
        "decl": {
          "start": {
            "line": 14,
            "column": 34
          },
          "end": {
            "line": 14,
            "column": 35
          }
        },
        "loc": {
          "start": {
            "line": 14,
            "column": 66
          },
          "end": {
            "line": 71,
            "column": 1
          }
        },
        "line": 14
      },
      "1": {
        "name": "(anonymous_1)",
        "decl": {
          "start": {
            "line": 17,
            "column": 28
          },
          "end": {
            "line": 17,
            "column": 29
          }
        },
        "loc": {
          "start": {
            "line": 17,
            "column": 72
          },
          "end": {
            "line": 20,
            "column": 3
          }
        },
        "line": 17
      },
      "2": {
        "name": "(anonymous_2)",
        "decl": {
          "start": {
            "line": 24,
            "column": 16
          },
          "end": {
            "line": 24,
            "column": 17
          }
        },
        "loc": {
          "start": {
            "line": 25,
            "column": 8
          },
          "end": {
            "line": 25,
            "column": 40
          }
        },
        "line": 25
      }
    },
    "branchMap": {
      "0": {
        "loc": {
          "start": {
            "line": 51,
            "column": 7
          },
          "end": {
            "line": 55,
            "column": 7
          }
        },
        "type": "cond-expr",
        "locations": [
          {
            "start": {
              "line": 52,
              "column": 8
            },
            "end": {
              "line": 52,
              "column": 45
            }
          },
          {
            "start": {
              "line": 54,
              "column": 8
            },
            "end": {
              "line": 54,
              "column": 46
            }
          }
        ],
        "line": 51
      },
      "1": {
        "loc": {
          "start": {
            "line": 57,
            "column": 9
          },
          "end": {
            "line": 67,
            "column": 9
          }
        },
        "type": "cond-expr",
        "locations": [
          {
            "start": {
              "line": 58,
              "column": 10
            },
            "end": {
              "line": 61,
              "column": 13
            }
          },
          {
            "start": {
              "line": 63,
              "column": 10
            },
            "end": {
              "line": 66,
              "column": 13
            }
          }
        ],
        "line": 57
      }
    },
    "s": {
      "0": 63,
      "1": 420,
      "2": 420,
      "3": 345,
      "4": 345,
      "5": 420,
      "6": 12
    },
    "f": {
      "0": 420,
      "1": 345,
      "2": 12
    },
    "b": {
      "0": [
        240,
        180
      ],
      "1": [
        240,
        180
      ]
    },
    "_coverageSchema": "1a1c01bbd47fc00a2c39e90264f33305004495a9",
    "hash": "13c950507d428be68357fb0872a627e0d163cd8b"
  },
  "/Users/dmitrijsereda/Documents/Work/prsnlmgr/src/pages/login/login.component.tsx": {
    "path": "/Users/dmitrijsereda/Documents/Work/prsnlmgr/src/pages/login/login.component.tsx",
    "statementMap": {
      "0": {
        "start": {
          "line": 10,
          "column": 28
        },
        "end": {
          "line": 43,
          "column": 1
        }
      },
      "1": {
        "start": {
          "line": 11,
          "column": 19
        },
        "end": {
          "line": 11,
          "column": 32
        }
      },
      "2": {
        "start": {
          "line": 12,
          "column": 19
        },
        "end": {
          "line": 12,
          "column": 35
        }
      },
      "3": {
        "start": {
          "line": 14,
          "column": 27
        },
        "end": {
          "line": 34,
          "column": 3
        }
      },
      "4": {
        "start": {
          "line": 18,
          "column": 4
        },
        "end": {
          "line": 18,
          "column": 23
        }
      },
      "5": {
        "start": {
          "line": 19,
          "column": 4
        },
        "end": {
          "line": 33,
          "column": 9
        }
      },
      "6": {
        "start": {
          "line": 22,
          "column": 8
        },
        "end": {
          "line": 22,
          "column": 22
        }
      },
      "7": {
        "start": {
          "line": 26,
          "column": 8
        },
        "end": {
          "line": 32,
          "column": 10
        }
      },
      "8": {
        "start": {
          "line": 36,
          "column": 2
        },
        "end": {
          "line": 42,
          "column": 4
        }
      }
    },
    "fnMap": {
      "0": {
        "name": "(anonymous_0)",
        "decl": {
          "start": {
            "line": 10,
            "column": 28
          },
          "end": {
            "line": 10,
            "column": 29
          }
        },
        "loc": {
          "start": {
            "line": 10,
            "column": 34
          },
          "end": {
            "line": 43,
            "column": 1
          }
        },
        "line": 10
      },
      "1": {
        "name": "(anonymous_1)",
        "decl": {
          "start": {
            "line": 14,
            "column": 27
          },
          "end": {
            "line": 14,
            "column": 28
          }
        },
        "loc": {
          "start": {
            "line": 17,
            "column": 7
          },
          "end": {
            "line": 34,
            "column": 3
          }
        },
        "line": 17
      },
      "2": {
        "name": "(anonymous_2)",
        "decl": {
          "start": {
            "line": 20,
            "column": 12
          },
          "end": {
            "line": 20,
            "column": 13
          }
        },
        "loc": {
          "start": {
            "line": 20,
            "column": 32
          },
          "end": {
            "line": 23,
            "column": 7
          }
        },
        "line": 20
      },
      "3": {
        "name": "(anonymous_3)",
        "decl": {
          "start": {
            "line": 24,
            "column": 13
          },
          "end": {
            "line": 24,
            "column": 14
          }
        },
        "loc": {
          "start": {
            "line": 24,
            "column": 24
          },
          "end": {
            "line": 33,
            "column": 7
          }
        },
        "line": 24
      }
    },
    "branchMap": {},
    "s": {
      "0": 63,
      "1": 66,
      "2": 66,
      "3": 66,
      "4": 6,
      "5": 6,
      "6": 3,
      "7": 3,
      "8": 66
    },
    "f": {
      "0": 66,
      "1": 6,
      "2": 3,
      "3": 3
    },
    "b": {},
    "_coverageSchema": "1a1c01bbd47fc00a2c39e90264f33305004495a9",
    "hash": "8cca87cfab172299725e379d2c15a4901b1edf61"
  },
  "/Users/dmitrijsereda/Documents/Work/prsnlmgr/src/pages/signup/signup.component.tsx": {
    "path": "/Users/dmitrijsereda/Documents/Work/prsnlmgr/src/pages/signup/signup.component.tsx",
    "statementMap": {
      "0": {
        "start": {
          "line": 13,
          "column": 29
        },
        "end": {
          "line": 62,
          "column": 1
        }
      },
      "1": {
        "start": {
          "line": 14,
          "column": 19
        },
        "end": {
          "line": 14,
          "column": 32
        }
      },
      "2": {
        "start": {
          "line": 15,
          "column": 19
        },
        "end": {
          "line": 15,
          "column": 35
        }
      },
      "3": {
        "start": {
          "line": 17,
          "column": 27
        },
        "end": {
          "line": 54,
          "column": 3
        }
      },
      "4": {
        "start": {
          "line": 21,
          "column": 4
        },
        "end": {
          "line": 21,
          "column": 23
        }
      },
      "5": {
        "start": {
          "line": 23,
          "column": 4
        },
        "end": {
          "line": 53,
          "column": 9
        }
      },
      "6": {
        "start": {
          "line": 29,
          "column": 8
        },
        "end": {
          "line": 29,
          "column": 51
        }
      },
      "7": {
        "start": {
          "line": 32,
          "column": 8
        },
        "end": {
          "line": 32,
          "column": 22
        }
      },
      "8": {
        "start": {
          "line": 35,
          "column": 26
        },
        "end": {
          "line": 35,
          "column": 36
        }
      },
      "9": {
        "start": {
          "line": 36,
          "column": 8
        },
        "end": {
          "line": 52,
          "column": 9
        }
      },
      "10": {
        "start": {
          "line": 37,
          "column": 10
        },
        "end": {
          "line": 43,
          "column": 12
        }
      },
      "11": {
        "start": {
          "line": 45,
          "column": 10
        },
        "end": {
          "line": 51,
          "column": 12
        }
      },
      "12": {
        "start": {
          "line": 56,
          "column": 2
        },
        "end": {
          "line": 61,
          "column": 4
        }
      }
    },
    "fnMap": {
      "0": {
        "name": "(anonymous_0)",
        "decl": {
          "start": {
            "line": 13,
            "column": 29
          },
          "end": {
            "line": 13,
            "column": 30
          }
        },
        "loc": {
          "start": {
            "line": 13,
            "column": 35
          },
          "end": {
            "line": 62,
            "column": 1
          }
        },
        "line": 13
      },
      "1": {
        "name": "(anonymous_1)",
        "decl": {
          "start": {
            "line": 17,
            "column": 27
          },
          "end": {
            "line": 17,
            "column": 28
          }
        },
        "loc": {
          "start": {
            "line": 20,
            "column": 7
          },
          "end": {
            "line": 54,
            "column": 3
          }
        },
        "line": 20
      },
      "2": {
        "name": "(anonymous_2)",
        "decl": {
          "start": {
            "line": 28,
            "column": 12
          },
          "end": {
            "line": 28,
            "column": 13
          }
        },
        "loc": {
          "start": {
            "line": 28,
            "column": 32
          },
          "end": {
            "line": 33,
            "column": 7
          }
        },
        "line": 28
      },
      "3": {
        "name": "(anonymous_3)",
        "decl": {
          "start": {
            "line": 34,
            "column": 13
          },
          "end": {
            "line": 34,
            "column": 14
          }
        },
        "loc": {
          "start": {
            "line": 34,
            "column": 24
          },
          "end": {
            "line": 53,
            "column": 7
          }
        },
        "line": 34
      }
    },
    "branchMap": {
      "0": {
        "loc": {
          "start": {
            "line": 36,
            "column": 8
          },
          "end": {
            "line": 52,
            "column": 9
          }
        },
        "type": "if",
        "locations": [
          {
            "start": {
              "line": 36,
              "column": 8
            },
            "end": {
              "line": 52,
              "column": 9
            }
          },
          {
            "start": {
              "line": 36,
              "column": 8
            },
            "end": {
              "line": 52,
              "column": 9
            }
          }
        ],
        "line": 36
      }
    },
    "s": {
      "0": 63,
      "1": 9,
      "2": 9,
      "3": 9,
      "4": 6,
      "5": 6,
      "6": 3,
      "7": 3,
      "8": 3,
      "9": 3,
      "10": 3,
      "11": 0,
      "12": 9
    },
    "f": {
      "0": 9,
      "1": 6,
      "2": 3,
      "3": 3
    },
    "b": {
      "0": [
        3,
        0
      ]
    },
    "_coverageSchema": "1a1c01bbd47fc00a2c39e90264f33305004495a9",
    "hash": "415732d84e88927dae40d3a00da17603d4744e67"
  },
  "/Users/dmitrijsereda/Documents/Work/prsnlmgr/src/utils/schemaFactory.ts": {
    "path": "/Users/dmitrijsereda/Documents/Work/prsnlmgr/src/utils/schemaFactory.ts",
    "statementMap": {
      "0": {
        "start": {
          "line": 4,
          "column": 29
        },
        "end": {
          "line": 19,
          "column": 1
        }
      },
      "1": {
        "start": {
          "line": 5,
          "column": 2
        },
        "end": {
          "line": 18,
          "column": 5
        }
      },
      "2": {
        "start": {
          "line": 7,
          "column": 6
        },
        "end": {
          "line": 7,
          "column": 48
        }
      },
      "3": {
        "start": {
          "line": 10,
          "column": 6
        },
        "end": {
          "line": 10,
          "column": 66
        }
      },
      "4": {
        "start": {
          "line": 13,
          "column": 6
        },
        "end": {
          "line": 13,
          "column": 44
        }
      },
      "5": {
        "start": {
          "line": 16,
          "column": 6
        },
        "end": {
          "line": 16,
          "column": 52
        }
      }
    },
    "fnMap": {
      "0": {
        "name": "(anonymous_0)",
        "decl": {
          "start": {
            "line": 4,
            "column": 29
          },
          "end": {
            "line": 4,
            "column": 30
          }
        },
        "loc": {
          "start": {
            "line": 4,
            "column": 54
          },
          "end": {
            "line": 19,
            "column": 1
          }
        },
        "line": 4
      },
      "1": {
        "name": "(anonymous_1)",
        "decl": {
          "start": {
            "line": 6,
            "column": 32
          },
          "end": {
            "line": 6,
            "column": 33
          }
        },
        "loc": {
          "start": {
            "line": 6,
            "column": 38
          },
          "end": {
            "line": 8,
            "column": 5
          }
        },
        "line": 6
      },
      "2": {
        "name": "(anonymous_2)",
        "decl": {
          "start": {
            "line": 9,
            "column": 37
          },
          "end": {
            "line": 9,
            "column": 38
          }
        },
        "loc": {
          "start": {
            "line": 9,
            "column": 43
          },
          "end": {
            "line": 11,
            "column": 5
          }
        },
        "line": 9
      },
      "3": {
        "name": "(anonymous_3)",
        "decl": {
          "start": {
            "line": 12,
            "column": 28
          },
          "end": {
            "line": 12,
            "column": 29
          }
        },
        "loc": {
          "start": {
            "line": 12,
            "column": 34
          },
          "end": {
            "line": 14,
            "column": 5
          }
        },
        "line": 12
      },
      "4": {
        "name": "(anonymous_4)",
        "decl": {
          "start": {
            "line": 15,
            "column": 32
          },
          "end": {
            "line": 15,
            "column": 33
          }
        },
        "loc": {
          "start": {
            "line": 15,
            "column": 38
          },
          "end": {
            "line": 17,
            "column": 5
          }
        },
        "line": 15
      }
    },
    "branchMap": {},
    "s": {
      "0": 63,
      "1": 40,
      "2": 5,
      "3": 5,
      "4": 5,
      "5": 5
    },
    "f": {
      "0": 40,
      "1": 5,
      "2": 5,
      "3": 5,
      "4": 5
    },
    "b": {},
    "_coverageSchema": "1a1c01bbd47fc00a2c39e90264f33305004495a9",
    "hash": "7554e6e90780c67c9d7411bc430092e1c2b78e13"
  },
  "/Users/dmitrijsereda/Documents/Work/prsnlmgr/src/components/claim-form/claim-form.styles.tsx": {
    "path": "/Users/dmitrijsereda/Documents/Work/prsnlmgr/src/components/claim-form/claim-form.styles.tsx",
    "statementMap": {
      "0": {
        "start": {
          "line": 4,
          "column": 34
        },
        "end": {
          "line": 12,
          "column": 1
        }
      }
    },
    "fnMap": {},
    "branchMap": {},
    "s": {
      "0": 63
    },
    "f": {},
    "b": {},
    "_coverageSchema": "1a1c01bbd47fc00a2c39e90264f33305004495a9",
    "hash": "105eba2eb99e3e8daab43686fae58c549ff79afd"
  },
  "/Users/dmitrijsereda/Documents/Work/prsnlmgr/src/components/claim-form/claim-form.component.tsx": {
    "path": "/Users/dmitrijsereda/Documents/Work/prsnlmgr/src/components/claim-form/claim-form.component.tsx",
    "statementMap": {
      "0": {
        "start": {
          "line": 22,
          "column": 28
        },
        "end": {
          "line": 212,
          "column": 1
        }
      },
      "1": {
        "start": {
          "line": 23,
          "column": 28
        },
        "end": {
          "line": 29,
          "column": 4
        }
      },
      "2": {
        "start": {
          "line": 30,
          "column": 40
        },
        "end": {
          "line": 30,
          "column": 65
        }
      },
      "3": {
        "start": {
          "line": 33,
          "column": 15
        },
        "end": {
          "line": 33,
          "column": 47
        }
      },
      "4": {
        "start": {
          "line": 34,
          "column": 19
        },
        "end": {
          "line": 34,
          "column": 35
        }
      },
      "5": {
        "start": {
          "line": 36,
          "column": 31
        },
        "end": {
          "line": 43,
          "column": 3
        }
      },
      "6": {
        "start": {
          "line": 41,
          "column": 28
        },
        "end": {
          "line": 41,
          "column": 43
        }
      },
      "7": {
        "start": {
          "line": 42,
          "column": 4
        },
        "end": {
          "line": 42,
          "column": 42
        }
      },
      "8": {
        "start": {
          "line": 45,
          "column": 28
        },
        "end": {
          "line": 111,
          "column": 3
        }
      },
      "9": {
        "start": {
          "line": 46,
          "column": 4
        },
        "end": {
          "line": 46,
          "column": 23
        }
      },
      "10": {
        "start": {
          "line": 49,
          "column": 32
        },
        "end": {
          "line": 49,
          "column": 34
        }
      },
      "11": {
        "start": {
          "line": 50,
          "column": 24
        },
        "end": {
          "line": 50,
          "column": 45
        }
      },
      "12": {
        "start": {
          "line": 52,
          "column": 4
        },
        "end": {
          "line": 110,
          "column": 5
        }
      },
      "13": {
        "start": {
          "line": 53,
          "column": 6
        },
        "end": {
          "line": 56,
          "column": 8
        }
      },
      "14": {
        "start": {
          "line": 57,
          "column": 6
        },
        "end": {
          "line": 57,
          "column": 25
        }
      },
      "15": {
        "start": {
          "line": 60,
          "column": 22
        },
        "end": {
          "line": 60,
          "column": 30
        }
      },
      "16": {
        "start": {
          "line": 63,
          "column": 6
        },
        "end": {
          "line": 68,
          "column": 9
        }
      },
      "17": {
        "start": {
          "line": 83,
          "column": 6
        },
        "end": {
          "line": 89,
          "column": 8
        }
      },
      "18": {
        "start": {
          "line": 92,
          "column": 6
        },
        "end": {
          "line": 98,
          "column": 9
        }
      },
      "19": {
        "start": {
          "line": 101,
          "column": 6
        },
        "end": {
          "line": 101,
          "column": 29
        }
      },
      "20": {
        "start": {
          "line": 103,
          "column": 6
        },
        "end": {
          "line": 109,
          "column": 8
        }
      },
      "21": {
        "start": {
          "line": 113,
          "column": 2
        },
        "end": {
          "line": 211,
          "column": 4
        }
      }
    },
    "fnMap": {
      "0": {
        "name": "(anonymous_0)",
        "decl": {
          "start": {
            "line": 22,
            "column": 28
          },
          "end": {
            "line": 22,
            "column": 29
          }
        },
        "loc": {
          "start": {
            "line": 22,
            "column": 34
          },
          "end": {
            "line": 212,
            "column": 1
          }
        },
        "line": 22
      },
      "1": {
        "name": "(anonymous_1)",
        "decl": {
          "start": {
            "line": 36,
            "column": 31
          },
          "end": {
            "line": 36,
            "column": 32
          }
        },
        "loc": {
          "start": {
            "line": 40,
            "column": 7
          },
          "end": {
            "line": 43,
            "column": 3
          }
        },
        "line": 40
      },
      "2": {
        "name": "(anonymous_2)",
        "decl": {
          "start": {
            "line": 45,
            "column": 28
          },
          "end": {
            "line": 45,
            "column": 29
          }
        },
        "loc": {
          "start": {
            "line": 45,
            "column": 78
          },
          "end": {
            "line": 111,
            "column": 3
          }
        },
        "line": 45
      }
    },
    "branchMap": {
      "0": {
        "loc": {
          "start": {
            "line": 127,
            "column": 9
          },
          "end": {
            "line": 131,
            "column": 9
          }
        },
        "type": "binary-expr",
        "locations": [
          {
            "start": {
              "line": 127,
              "column": 9
            },
            "end": {
              "line": 127,
              "column": 29
            }
          },
          {
            "start": {
              "line": 128,
              "column": 10
            },
            "end": {
              "line": 130,
              "column": 25
            }
          }
        ],
        "line": 127
      },
      "1": {
        "loc": {
          "start": {
            "line": 146,
            "column": 9
          },
          "end": {
            "line": 150,
            "column": 9
          }
        },
        "type": "binary-expr",
        "locations": [
          {
            "start": {
              "line": 146,
              "column": 9
            },
            "end": {
              "line": 146,
              "column": 31
            }
          },
          {
            "start": {
              "line": 147,
              "column": 10
            },
            "end": {
              "line": 149,
              "column": 25
            }
          }
        ],
        "line": 146
      },
      "2": {
        "loc": {
          "start": {
            "line": 164,
            "column": 9
          },
          "end": {
            "line": 166,
            "column": 9
          }
        },
        "type": "binary-expr",
        "locations": [
          {
            "start": {
              "line": 164,
              "column": 9
            },
            "end": {
              "line": 164,
              "column": 25
            }
          },
          {
            "start": {
              "line": 165,
              "column": 10
            },
            "end": {
              "line": 165,
              "column": 77
            }
          }
        ],
        "line": 164
      },
      "3": {
        "loc": {
          "start": {
            "line": 193,
            "column": 9
          },
          "end": {
            "line": 197,
            "column": 9
          }
        },
        "type": "binary-expr",
        "locations": [
          {
            "start": {
              "line": 193,
              "column": 9
            },
            "end": {
              "line": 193,
              "column": 29
            }
          },
          {
            "start": {
              "line": 194,
              "column": 10
            },
            "end": {
              "line": 196,
              "column": 25
            }
          }
        ],
        "line": 193
      }
    },
    "s": {
      "0": 63,
      "1": 1453,
      "2": 1453,
      "3": 1453,
      "4": 1453,
      "5": 1453,
      "6": 1323,
      "7": 1323,
      "8": 1453,
      "9": 32,
      "10": 32,
      "11": 32,
      "12": 32,
      "13": 31,
      "14": 29,
      "15": 29,
      "16": 29,
      "17": 29,
      "18": 23,
      "19": 3,
      "20": 6,
      "21": 1085,
      "22": 1,
      "23": 368
    },
    "f": {
      "0": 1453,
      "1": 1323,
      "2": 32,
      "3": 4
    },
    "b": {
      "0": [
        1453,
        3
      ],
      "1": [
        1453,
        3
      ],
      "2": [
        1453,
        3
      ],
      "3": [
        1453,
        3
      ]
    },
    "_coverageSchema": "1a1c01bbd47fc00a2c39e90264f33305004495a9",
    "hash": "850d0a7bb3cca4c83ecc149f7ae11c0ea0a9c81c"
  },
  "/Users/dmitrijsereda/Documents/Work/prsnlmgr/src/pages/create-entry/create-entry.component.tsx": {
    "path": "/Users/dmitrijsereda/Documents/Work/prsnlmgr/src/pages/create-entry/create-entry.component.tsx",
    "statementMap": {
      "0": {
        "start": {
          "line": 5,
          "column": 34
        },
        "end": {
          "line": 14,
          "column": 1
        }
      },
      "1": {
        "start": {
          "line": 6,
          "column": 2
        },
        "end": {
          "line": 13,
          "column": 4
        }
      }
    },
    "fnMap": {
      "0": {
        "name": "(anonymous_0)",
        "decl": {
          "start": {
            "line": 5,
            "column": 34
          },
          "end": {
            "line": 5,
            "column": 35
          }
        },
        "loc": {
          "start": {
            "line": 5,
            "column": 40
          },
          "end": {
            "line": 14,
            "column": 1
          }
        },
        "line": 5
      }
    },
    "branchMap": {},
    "s": {
      "0": 63,
      "1": 98
    },
    "f": {
      "0": 98
    },
    "b": {},
    "_coverageSchema": "1a1c01bbd47fc00a2c39e90264f33305004495a9",
    "hash": "1f43f9ea68cb35f9a06368228127340ace7f503b"
  },
  "/Users/dmitrijsereda/Documents/Work/prsnlmgr/src/components/sidebar/sidebar.styles.tsx": {
    "path": "/Users/dmitrijsereda/Documents/Work/prsnlmgr/src/components/sidebar/sidebar.styles.tsx",
    "statementMap": {
      "0": {
        "start": {
          "line": 8,
          "column": 22
        },
        "end": {
          "line": 18,
          "column": 1
        }
      },
      "1": {
        "start": {
          "line": 20,
          "column": 32
        },
        "end": {
          "line": 49,
          "column": 1
        }
      },
      "2": {
        "start": {
          "line": 41,
          "column": 6
        },
        "end": {
          "line": 41,
          "column": 59
        }
      },
      "3": {
        "start": {
          "line": 51,
          "column": 25
[...]
        }
      },
      "22": {
        "start": {
          "line": 82,
          "column": 10
        },
        "end": {
          "line": 82,
          "column": 48
        }
      },
      "23": {
        "start": {
          "line": 84,
          "column": 10
        },
        "end": {
          "line": 84,
          "column": 38
        }
      },
      "24": {
        "start": {
          "line": 89,
          "column": 23
        },
        "end": {
          "line": 89,
          "column": 63
        }
      },
      "25": {
        "start": {
          "line": 90,
          "column": 6
        },
        "end": {
          "line": 97,
          "column": 9
        }
      },
      "26": {
        "start": {
          "line": 91,
          "column": 21
        },
        "end": {
          "line": 91,
          "column": 35
        }
      },
      "27": {
        "start": {
          "line": 92,
          "column": 8
        },
        "end": {
          "line": 96,
          "column": 9
        }
      },
      "28": {
        "start": {
          "line": 93,
          "column": 10
        },
        "end": {
          "line": 93,
          "column": 68
        }
      },
      "29": {
        "start": {
          "line": 95,
          "column": 10
        },
        "end": {
          "line": 95,
          "column": 51
        }
      },
      "30": {
        "start": {
          "line": 102,
          "column": 2
        },
        "end": {
          "line": 193,
          "column": 4
        }
      }
    },
    "fnMap": {
      "0": {
        "name": "(anonymous_0)",
        "decl": {
          "start": {
            "line": 37,
            "column": 22
          },
          "end": {
            "line": 37,
            "column": 23
          }
        },
        "loc": {
          "start": {
            "line": 37,
            "column": 28
          },
          "end": {
            "line": 194,
            "column": 1
          }
        },
        "line": 37
      },
      "1": {
        "name": "(anonymous_1)",
        "decl": {
          "start": {
            "line": 45,
            "column": 12
          },
          "end": {
            "line": 45,
            "column": 13
          }
        },
        "loc": {
          "start": {
            "line": 45,
            "column": 18
          },
          "end": {
            "line": 61,
            "column": 3
          }
        },
        "line": 45
      },
      "2": {
        "name": "(anonymous_2)",
        "decl": {
          "start": {
            "line": 46,
            "column": 28
          },
          "end": {
            "line": 46,
            "column": 29
          }
        },
        "loc": {
          "start": {
            "line": 46,
            "column": 38
          },
          "end": {
            "line": 59,
            "column": 5
          }
        },
        "line": 46
      },
      "3": {
        "name": "(anonymous_3)",
        "decl": {
          "start": {
            "line": 64,
            "column": 12
          },
          "end": {
            "line": 64,
            "column": 13
          }
        },
        "loc": {
          "start": {
            "line": 64,
            "column": 18
          },
          "end": {
            "line": 71,
            "column": 3
          }
        },
        "line": 64
      },
      "4": {
        "name": "(anonymous_4)",
        "decl": {
          "start": {
            "line": 66,
            "column": 17
          },
          "end": {
            "line": 66,
            "column": 18
          }
        },
        "loc": {
          "start": {
            "line": 66,
            "column": 23
          },
          "end": {
            "line": 68,
            "column": 7
          }
        },
        "line": 66
      },
      "5": {
        "name": "(anonymous_5)",
        "decl": {
          "start": {
            "line": 74,
            "column": 12
          },
          "end": {
            "line": 74,
            "column": 13
          }
        },
        "loc": {
          "start": {
            "line": 74,
            "column": 18
          },
          "end": {
            "line": 100,
            "column": 3
          }
        },
        "line": 74
      },
      "6": {
        "name": "(anonymous_6)",
        "decl": {
          "start": {
            "line": 78,
            "column": 23
          },
          "end": {
            "line": 78,
            "column": 24
          }
        },
        "loc": {
          "start": {
            "line": 78,
            "column": 37
          },
          "end": {
            "line": 86,
            "column": 7
          }
        },
        "line": 78
      },
      "7": {
        "name": "(anonymous_7)",
        "decl": {
          "start": {
            "line": 90,
            "column": 24
          },
          "end": {
            "line": 90,
            "column": 25
          }
        },
        "loc": {
          "start": {
            "line": 90,
            "column": 38
          },
          "end": {
            "line": 97,
            "column": 7
          }
        },
        "line": 90
      }
    },
    "branchMap": {
      "0": {
        "loc": {
          "start": {
            "line": 48,
            "column": 6
          },
          "end": {
            "line": 58,
            "column": 7
          }
        },
        "type": "if",
        "locations": [
          {
            "start": {
              "line": 48,
              "column": 6
            },
            "end": {
              "line": 58,
              "column": 7
            }
          },
          {
            "start": {
              "line": 48,
              "column": 6
            },
            "end": {
              "line": 58,
              "column": 7
            }
          }
        ],
        "line": 48
      },
      "1": {
        "loc": {
          "start": {
            "line": 52,
            "column": 19
          },
          "end": {
            "line": 52,
            "column": 35
          }
        },
        "type": "binary-expr",
        "locations": [
          {
            "start": {
              "line": 52,
              "column": 19
            },
            "end": {
              "line": 52,
              "column": 29
            }
          },
          {
            "start": {
              "line": 52,
              "column": 33
            },
            "end": {
              "line": 52,
              "column": 35
            }
          }
        ],
        "line": 52
      },
      "2": {
        "loc": {
          "start": {
            "line": 65,
            "column": 4
          },
          "end": {
            "line": 69,
            "column": 5
          }
        },
        "type": "if",
        "locations": [
          {
            "start": {
              "line": 65,
              "column": 4
            },
            "end": {
              "line": 69,
              "column": 5
            }
          },
          {
            "start": {
              "line": 65,
              "column": 4
            },
            "end": {
              "line": 69,
              "column": 5
            }
          }
        ],
        "line": 65
      },
      "3": {
        "loc": {
          "start": {
            "line": 75,
            "column": 4
          },
          "end": {
            "line": 98,
            "column": 5
          }
        },
        "type": "if",
        "locations": [
          {
            "start": {
              "line": 75,
              "column": 4
            },
            "end": {
              "line": 98,
              "column": 5
            }
          },
          {
            "start": {
              "line": 75,
              "column": 4
            },
            "end": {
              "line": 98,
              "column": 5
            }
          }
        ],
        "line": 75
      },
      "4": {
        "loc": {
          "start": {
            "line": 80,
            "column": 8
          },
          "end": {
            "line": 85,
            "column": 9
          }
        },
        "type": "if",
        "locations": [
          {
            "start": {
              "line": 80,
              "column": 8
            },
            "end": {
              "line": 85,
              "column": 9
            }
          },
          {
            "start": {
              "line": 80,
              "column": 8
            },
            "end": {
              "line": 85,
              "column": 9
            }
          }
        ],
        "line": 80
      },
      "5": {
        "loc": {
          "start": {
            "line": 92,
            "column": 8
          },
          "end": {
            "line": 96,
            "column": 9
          }
        },
        "type": "if",
        "locations": [
          {
            "start": {
              "line": 92,
              "column": 8
            },
            "end": {
              "line": 96,
              "column": 9
            }
          },
          {
            "start": {
              "line": 92,
              "column": 8
            },
            "end": {
              "line": 96,
              "column": 9
            }
          }
        ],
        "line": 92
      },
      "6": {
        "loc": {
          "start": {
            "line": 92,
            "column": 12
          },
          "end": {
            "line": 92,
            "column": 42
          }
        },
        "type": "binary-expr",
        "locations": [
          {
            "start": {
              "line": 92,
              "column": 12
            },
            "end": {
              "line": 92,
              "column": 16
            }
          },
          {
            "start": {
              "line": 92,
              "column": 20
            },
            "end": {
              "line": 92,
              "column": 42
            }
          }
        ],
        "line": 92
      },
      "7": {
        "loc": {
          "start": {
            "line": 105,
            "column": 7
          },
          "end": {
            "line": 105,
            "column": 33
          }
        },
        "type": "binary-expr",
        "locations": [
          {
            "start": {
              "line": 105,
              "column": 7
            },
            "end": {
              "line": 105,
              "column": 20
            }
          },
          {
            "start": {
              "line": 105,
              "column": 24
            },
            "end": {
              "line": 105,
              "column": 33
            }
          }
        ],
        "line": 105
      },
      "8": {
        "loc": {
          "start": {
            "line": 107,
            "column": 9
          },
          "end": {
            "line": 112,
            "column": 9
          }
        },
        "type": "binary-expr",
        "locations": [
          {
            "start": {
              "line": 107,
              "column": 9
            },
            "end": {
              "line": 107,
              "column": 20
            }
          },
          {
            "start": {
              "line": 108,
              "column": 10
            },
            "end": {
              "line": 111,
              "column": 13
            }
          }
        ],
        "line": 107
      },
      "9": {
        "loc": {
          "start": {
            "line": 109,
            "column": 13
          },
          "end": {
            "line": 109,
            "column": 44
          }
        },
        "type": "binary-expr",
        "locations": [
          {
            "start": {
              "line": 109,
              "column": 13
            },
            "end": {
              "line": 109,
              "column": 31
            }
          },
          {
            "start": {
              "line": 109,
              "column": 35
            },
            "end": {
              "line": 109,
              "column": 44
            }
          }
        ],
        "line": 109
      }
    },
    "s": {
      "0": 63,
      "1": 237,
      "2": 237,
      "3": 237,
      "4": 237,
      "5": 237,
      "6": 237,
      "7": 63,
      "8": 66,
      "9": 54,
      "10": 12,
      "11": 237,
      "12": 120,
      "13": 43,
      "14": 14,
      "15": 237,
      "16": 117,
      "17": 54,
      "18": 54,
      "19": 84,
      "20": 84,
      "21": 73,
      "22": 73,
      "23": 11,
      "24": 54,
      "25": 54,
      "26": 51,
      "27": 51,
      "28": 45,
      "29": 6,
      "30": 237
    },
    "f": {
      "0": 237,
      "1": 63,
      "2": 66,
      "3": 120,
      "4": 14,
      "5": 117,
      "6": 84,
      "7": 51
    },
    "b": {
      "0": [
        54,
        12
      ],
      "1": [
        54,
        0
      ],
      "2": [
        43,
        77
      ],
      "3": [
        54,
        63
      ],
      "4": [
        73,
        11
      ],
      "5": [
        45,
        6
      ],
      "6": [
        51,
        45
      ],
      "7": [
        237,
        43
      ],
      "8": [
        237,
        168
      ],
      "9": [
        168,
        6
      ]
    },
    "_coverageSchema": "1a1c01bbd47fc00a2c39e90264f33305004495a9",
    "hash": "17362c6bbfdbb4704aeb4c38b122a4e2a5e6db51"
  },
  "/Users/dmitrijsereda/Documents/Work/prsnlmgr/src/reportWebVitals.ts": {
    "path": "/Users/dmitrijsereda/Documents/Work/prsnlmgr/src/reportWebVitals.ts",
    "statementMap": {
      "0": {
        "start": {
          "line": 3,
          "column": 24
        },
        "end": {
          "line": 13,
          "column": 1
        }
      },
      "1": {
        "start": {
          "line": 4,
          "column": 2
        },
        "end": {
          "line": 12,
          "column": 3
        }
      },
      "2": {
        "start": {
          "line": 5,
          "column": 4
        },
        "end": {
          "line": 11,
          "column": 7
        }
      },
      "3": {
        "start": {
          "line": 6,
          "column": 6
        },
        "end": {
          "line": 6,
          "column": 26
        }
      },
      "4": {
        "start": {
          "line": 7,
          "column": 6
        },
        "end": {
          "line": 7,
          "column": 26
        }
      },
      "5": {
        "start": {
          "line": 8,
          "column": 6
        },
        "end": {
          "line": 8,
          "column": 26
        }
      },
      "6": {
        "start": {
          "line": 9,
          "column": 6
        },
        "end": {
          "line": 9,
          "column": 26
        }
      },
      "7": {
        "start": {
          "line": 10,
          "column": 6
        },
        "end": {
          "line": 10,
          "column": 27
        }
      }
    },
    "fnMap": {
      "0": {
        "name": "(anonymous_0)",
        "decl": {
          "start": {
            "line": 3,
            "column": 24
          },
          "end": {
            "line": 3,
            "column": 25
          }
        },
        "loc": {
          "start": {
            "line": 3,
            "column": 57
          },
          "end": {
            "line": 13,
            "column": 1
          }
        },
        "line": 3
      },
      "1": {
        "name": "(anonymous_1)",
        "decl": {
          "start": {
            "line": 5,
            "column": 30
          },
          "end": {
            "line": 5,
            "column": 31
          }
        },
        "loc": {
          "start": {
            "line": 5,
            "column": 79
          },
          "end": {
            "line": 11,
            "column": 5
          }
        },
        "line": 5
      }
    },
    "branchMap": {
      "0": {
        "loc": {
          "start": {
            "line": 4,
            "column": 2
          },
          "end": {
            "line": 12,
            "column": 3
          }
        },
        "type": "if",
        "locations": [
          {
            "start": {
              "line": 4,
              "column": 2
            },
            "end": {
              "line": 12,
              "column": 3
            }
          },
          {
            "start": {
              "line": 4,
              "column": 2
            },
            "end": {
              "line": 12,
              "column": 3
            }
          }
        ],
        "line": 4
      },
      "1": {
        "loc": {
          "start": {
            "line": 4,
            "column": 6
          },
          "end": {
            "line": 4,
            "column": 52
          }
        },
        "type": "binary-expr",
        "locations": [
          {
            "start": {
              "line": 4,
              "column": 6
            },
            "end": {
              "line": 4,
              "column": 17
            }
          },
          {
            "start": {
              "line": 4,
              "column": 21
            },
            "end": {
              "line": 4,
              "column": 52
            }
          }
        ],
        "line": 4
      }
    },
    "s": {
      "0": 63,
      "1": 63,
      "2": 0,
      "3": 0,
      "4": 0,
      "5": 0,
      "6": 0,
      "7": 0
    },
    "f": {
      "0": 63,
      "1": 0
    },
    "b": {
      "0": [
        0,
        63
      ],
      "1": [
        63,
        0
      ]
    },
    "_coverageSchema": "1a1c01bbd47fc00a2c39e90264f33305004495a9",
    "hash": "ba373fef28ee89f5a5cf1b00849543954c445186"
  },
  "/Users/dmitrijsereda/Documents/Work/prsnlmgr/src/redux/store.ts": {
    "path": "/Users/dmitrijsereda/Documents/Work/prsnlmgr/src/redux/store.ts",
    "statementMap": {
      "0": {
        "start": {
          "line": 5,
          "column": 21
        },
        "end": {
          "line": 11,
          "column": 2
        }
      }
    },
    "fnMap": {},
    "branchMap": {
      "0": {
        "loc": {
          "start": {
            "line": 10,
            "column": 12
          },
          "end": {
            "line": 10,
            "column": 76
          }
        },
        "type": "cond-expr",
        "locations": [
          {
            "start": {
              "line": 10,
              "column": 64
            },
            "end": {
              "line": 10,
              "column": 69
            }
          },
          {
            "start": {
              "line": 10,
              "column": 72
            },
            "end": {
              "line": 10,
              "column": 76
            }
          }
        ],
        "line": 10
      }
    },
    "s": {
      "0": 63
    },
    "f": {},
    "b": {
      "0": [
        0,
        63
      ]
    },
    "_coverageSchema": "1a1c01bbd47fc00a2c39e90264f33305004495a9",
    "hash": "d6e31898e10a61ff7dc573a089634a19a537642a"
  },
  "/Users/dmitrijsereda/Documents/Work/prsnlmgr/src/index.tsx": {
    "path": "/Users/dmitrijsereda/Documents/Work/prsnlmgr/src/index.tsx",
    "statementMap": {
      "0": {
        "start": {
          "line": 9,
          "column": 13
        },
        "end": {
          "line": 11,
          "column": 1
        }
      },
      "1": {
        "start": {
          "line": 12,
          "column": 0
        },
        "end": {
          "line": 20,
          "column": 2
        }
      },
      "2": {
        "start": {
          "line": 25,
          "column": 0
        },
        "end": {
          "line": 25,
          "column": 18
        }
      }
    },
    "fnMap": {},
    "branchMap": {},
    "s": {
      "0": 63,
      "1": 63,
      "2": 63
    },
    "f": {},
    "b": {},
    "_coverageSchema": "1a1c01bbd47fc00a2c39e90264f33305004495a9",
    "hash": "07fa1456e28ccf847bfb2e17a022d8051291aed3"
  }
}