{
  "/Users/dmitrijsereda/Documents/Work/prsnlmgr/src/components/header/header.styles.tsx": {
    "path": "/Users/dmitrijsereda/Documents/Work/prsnlmgr/src/components/header/header.styles.tsx",
    "statementMap": {
      "0": {
        "start": {
          "line": 3,
          "column": 21
        },
        "end": {
          "line": 13,
          "column": 1
        }
      },
      "1": {
        "start": {
          "line": 15,
          "column": 31
        },
        "end": {
          "line": 44,
          "column": 1
        }
      },
      "2": {
        "start": {
          "line": 46,
          "column": 28
        },
        "end": {
          "line": 63,
          "column": 1
        }
      },
      "3": {
        "start": {
          "line": 65,
          "column": 30
        },
        "end": {
          "line": 69,
          "column": 1
        }
      }
    },
    "fnMap": {},
    "branchMap": {},
    "s": {
      "0": 26,
      "1": 26,
      "2": 26,
      "3": 26
    },
    "f": {},
    "b": {},
    "_coverageSchema": "1a1c01bbd47fc00a2c39e90264f33305004495a9",
    "hash": "2ebb34967602dfc0a96689369e82ee5958b58cae"
  },
  "/Users/dmitrijsereda/Documents/Work/prsnlmgr/src/firebase.ts": {
    "path": "/Users/dmitrijsereda/Documents/Work/prsnlmgr/src/firebase.ts",
    "statementMap": {
      "0": {
        "start": {
          "line": 7,
          "column": 23
        },
        "end": {
          "line": 14,
          "column": 1
        }
      },
      "1": {
        "start": {
          "line": 17,
          "column": 19
        },
        "end": {
          "line": 17,
          "column": 48
        }
      },
      "2": {
        "start": {
          "line": 18,
          "column": 20
        },
        "end": {
          "line": 18,
          "column": 32
        }
      },
      "3": {
        "start": {
          "line": 19,
          "column": 18
        },
        "end": {
          "line": 19,
          "column": 34
        }
      }
    },
    "fnMap": {},
    "branchMap": {},
    "s": {
      "0": 26,
      "1": 26,
      "2": 26,
      "3": 26
    },
    "f": {},
    "b": {},
    "_coverageSchema": "1a1c01bbd47fc00a2c39e90264f33305004495a9",
    "hash": "7955af6fd4ec0db701df65bff70a0ea5fa299137"
  },
  "/Users/dmitrijsereda/Documents/Work/prsnlmgr/src/utils/hooks.ts": {
    "path": "/Users/dmitrijsereda/Documents/Work/prsnlmgr/src/utils/hooks.ts",
    "statementMap": {
      "0": {
        "start": {
          "line": 5,
          "column": 30
        },
        "end": {
          "line": 5,
          "column": 62
        }
      },
      "1": {
        "start": {
          "line": 5,
          "column": 36
        },
        "end": {
          "line": 5,
          "column": 62
        }
      },
      "2": {
        "start": {
          "line": 6,
          "column": 63
        },
        "end": {
          "line": 6,
          "column": 74
        }
      }
    },
    "fnMap": {
      "0": {
        "name": "(anonymous_0)",
        "decl": {
          "start": {
            "line": 5,
            "column": 30
          },
          "end": {
            "line": 5,
            "column": 31
          }
        },
        "loc": {
          "start": {
            "line": 5,
            "column": 36
          },
          "end": {
            "line": 5,
            "column": 62
          }
        },
        "line": 5
      }
    },
    "branchMap": {},
    "s": {
      "0": 26,
      "1": 1064,
      "2": 26
    },
    "f": {
      "0": 1064
    },
    "b": {},
    "_coverageSchema": "1a1c01bbd47fc00a2c39e90264f33305004495a9",
    "hash": "9786d6f1d2645b08158bfc90d70d51cb6865c21d"
  },
  "/Users/dmitrijsereda/Documents/Work/prsnlmgr/src/redux/user/user.selectors.ts": {
    "path": "/Users/dmitrijsereda/Documents/Work/prsnlmgr/src/redux/user/user.selectors.ts",
    "statementMap": {
      "0": {
        "start": {
          "line": 4,
          "column": 19
        },
        "end": {
          "line": 4,
          "column": 51
        }
      },
      "1": {
        "start": {
          "line": 4,
          "column": 41
        },
        "end": {
          "line": 4,
          "column": 51
        }
      },
      "2": {
        "start": {
          "line": 6,
          "column": 32
        },
        "end": {
          "line": 9,
          "column": 1
        }
      },
      "3": {
        "start": {
          "line": 8,
          "column": 12
        },
        "end": {
          "line": 8,
          "column": 27
        }
      },
      "4": {
        "start": {
          "line": 11,
          "column": 29
        },
        "end": {
          "line": 14,
          "column": 1
        }
      },
      "5": {
        "start": {
          "line": 13,
          "column": 12
        },
        "end": {
          "line": 13,
          "column": 24
        }
      }
    },
    "fnMap": {
      "0": {
        "name": "(anonymous_0)",
        "decl": {
          "start": {
            "line": 4,
            "column": 19
          },
          "end": {
            "line": 4,
            "column": 20
          }
        },
        "loc": {
          "start": {
            "line": 4,
            "column": 41
          },
          "end": {
            "line": 4,
            "column": 51
          }
        },
        "line": 4
      },
      "1": {
        "name": "(anonymous_1)",
        "decl": {
          "start": {
            "line": 8,
            "column": 2
          },
          "end": {
            "line": 8,
            "column": 3
          }
        },
        "loc": {
          "start": {
            "line": 8,
            "column": 12
          },
          "end": {
            "line": 8,
            "column": 27
          }
        },
        "line": 8
      },
      "2": {
        "name": "(anonymous_2)",
        "decl": {
          "start": {
            "line": 13,
            "column": 2
          },
          "end": {
            "line": 13,
            "column": 3
          }
        },
        "loc": {
          "start": {
            "line": 13,
            "column": 12
          },
          "end": {
            "line": 13,
            "column": 24
          }
        },
        "line": 13
      }
    },
    "branchMap": {},
    "s": {
      "0": 26,
      "1": 142,
      "2": 26,
      "3": 78,
      "4": 26,
      "5": 28
    },
    "f": {
      "0": 142,
      "1": 78,
      "2": 28
    },
    "b": {},
    "_coverageSchema": "1a1c01bbd47fc00a2c39e90264f33305004495a9",
    "hash": "feb263ceb74199411d27d5b1b40857d02acbc5e5"
  },
  "/Users/dmitrijsereda/Documents/Work/prsnlmgr/src/global.ts": {
    "path": "/Users/dmitrijsereda/Documents/Work/prsnlmgr/src/global.ts",
    "statementMap": {
      "0": {
        "start": {
          "line": 7,
          "column": 24
        },
        "end": {
          "line": 17,
          "column": 1
        }
      },
      "1": {
        "start": {
          "line": 42,
          "column": 36
        },
        "end": {
          "line": 44,
          "column": 1
        }
      },
      "2": {
        "start": {
          "line": 46,
          "column": 45
        },
        "end": {
          "line": 48,
          "column": 1
        }
      },
      "3": {
        "start": {
          "line": 50,
          "column": 30
        },
        "end": {
          "line": 55,
          "column": 1
        }
      },
      "4": {
        "start": {
          "line": 57,
          "column": 21
        },
        "end": {
          "line": 69,
          "column": 1
        }
      },
      "5": {
        "start": {
          "line": 64,
          "column": 27
        },
        "end": {
          "line": 64,
          "column": 72
        }
      },
      "6": {
        "start": {
          "line": 71,
          "column": 21
        },
        "end": {
          "line": 75,
          "column": 1
        }
      },
      "7": {
        "start": {
          "line": 77,
          "column": 24
        },
        "end": {
          "line": 81,
          "column": 1
        }
      },
      "8": {
        "start": {
          "line": 83,
          "column": 24
        },
        "end": {
          "line": 88,
          "column": 1
        }
      },
      "9": {
        "start": {
          "line": 90,
          "column": 29
        },
        "end": {
          "line": 97,
          "column": 1
        }
      },
      "10": {
        "start": {
          "line": 99,
          "column": 22
        },
        "end": {
          "line": 111,
          "column": 1
        }
      },
      "11": {
        "start": {
          "line": 106,
          "column": 27
        },
        "end": {
          "line": 106,
          "column": 72
        }
      },
      "12": {
        "start": {
          "line": 113,
          "column": 24
        },
        "end": {
          "line": 124,
          "column": 1
        }
      },
      "13": {
        "start": {
          "line": 126,
          "column": 29
        },
        "end": {
          "line": 140,
          "column": 1
        }
      },
      "14": {
        "start": {
          "line": 142,
          "column": 28
        },
        "end": {
          "line": 144,
          "column": 1
        }
      },
      "15": {
        "start": {
          "line": 146,
          "column": 28
        },
        "end": {
          "line": 151,
          "column": 1
        }
      },
      "16": {
        "start": {
          "line": 153,
          "column": 28
        },
        "end": {
          "line": 157,
          "column": 1
        }
      },
      "17": {
        "start": {
          "line": 159,
          "column": 33
        },
        "end": {
          "line": 170,
          "column": 1
        }
      }
    },
    "fnMap": {
      "0": {
        "name": "(anonymous_0)",
        "decl": {
          "start": {
            "line": 64,
            "column": 4
          },
          "end": {
            "line": 64,
            "column": 5
          }
        },
        "loc": {
          "start": {
            "line": 64,
            "column": 27
          },
          "end": {
            "line": 64,
            "column": 72
          }
        },
        "line": 64
      },
      "1": {
        "name": "(anonymous_1)",
        "decl": {
          "start": {
            "line": 106,
            "column": 4
          },
          "end": {
            "line": 106,
            "column": 5
          }
        },
        "loc": {
          "start": {
            "line": 106,
            "column": 27
          },
          "end": {
            "line": 106,
            "column": 72
          }
        },
        "line": 106
      }
    },
    "branchMap": {
      "0": {
        "loc": {
          "start": {
            "line": 64,
            "column": 27
          },
          "end": {
            "line": 64,
            "column": 72
          }
        },
        "type": "binary-expr",
        "locations": [
          {
            "start": {
              "line": 64,
              "column": 27
            },
            "end": {
              "line": 64,
              "column": 40
            }
          },
          {
            "start": {
              "line": 64,
              "column": 44
            },
            "end": {
              "line": 64,
              "column": 72
            }
          }
        ],
        "line": 64
      },
      "1": {
        "loc": {
          "start": {
            "line": 106,
            "column": 27
          },
          "end": {
            "line": 106,
            "column": 72
          }
        },
        "type": "binary-expr",
        "locations": [
          {
            "start": {
              "line": 106,
              "column": 27
            },
            "end": {
              "line": 106,
              "column": 40
            }
          },
          {
            "start": {
              "line": 106,
              "column": 44
            },
            "end": {
              "line": 106,
              "column": 72
            }
          }
        ],
        "line": 106
      }
    },
    "s": {
      "0": 26,
      "1": 26,
      "2": 26,
      "3": 26,
      "4": 26,
      "5": 1404,
      "6": 26,
      "7": 26,
      "8": 26,
      "9": 26,
      "10": 26,
      "11": 340,
      "12": 26,
      "13": 26,
      "14": 26,
      "15": 26,
      "16": 26,
      "17": 26
    },
    "f": {
      "0": 1404,
      "1": 340
    },
    "b": {
      "0": [
        1404,
        6
      ],
      "1": [
        340,
        2
      ]
    },
    "_coverageSchema": "1a1c01bbd47fc00a2c39e90264f33305004495a9",
    "hash": "748c99cdf4b0c793cae2e9cffced703104017941"
  },
  "/Users/dmitrijsereda/Documents/Work/prsnlmgr/src/redux/helpers/helpers.reducer.ts": {
    "path": "/Users/dmitrijsereda/Documents/Work/prsnlmgr/src/redux/helpers/helpers.reducer.ts",
    "statementMap": {
      "0": {
        "start": {
          "line": 4,
          "column": 35
        },
        "end": {
          "line": 12,
          "column": 1
        }
      },
      "1": {
        "start": {
          "line": 14,
          "column": 21
        },
        "end": {
          "line": 31,
          "column": 2
        }
      },
      "2": {
        "start": {
          "line": 19,
          "column": 6
        },
        "end": {
          "line": 19,
          "column": 49
        }
      },
      "3": {
        "start": {
          "line": 22,
          "column": 6
        },
        "end": {
          "line": 22,
          "column": 35
        }
      },
      "4": {
        "start": {
          "line": 25,
          "column": 6
        },
        "end": {
          "line": 25,
          "column": 46
        }
      },
      "5": {
        "start": {
          "line": 28,
          "column": 6
        },
        "end": {
          "line": 28,
          "column": 40
        }
      },
      "6": {
        "start": {
          "line": 38,
          "column": 4
        },
        "end": {
          "line": 38,
          "column": 24
        }
      }
    },
    "fnMap": {
      "0": {
        "name": "(anonymous_0)",
        "decl": {
          "start": {
            "line": 18,
            "column": 4
          },
          "end": {
            "line": 18,
            "column": 5
          }
        },
        "loc": {
          "start": {
            "line": 18,
            "column": 63
          },
          "end": {
            "line": 20,
            "column": 5
          }
        },
        "line": 18
      },
      "1": {
        "name": "(anonymous_1)",
        "decl": {
          "start": {
            "line": 21,
            "column": 4
          },
          "end": {
            "line": 21,
            "column": 5
          }
        },
        "loc": {
          "start": {
            "line": 21,
            "column": 53
          },
          "end": {
            "line": 23,
            "column": 5
          }
        },
        "line": 21
      },
      "2": {
        "name": "(anonymous_2)",
        "decl": {
          "start": {
            "line": 24,
            "column": 4
          },
          "end": {
            "line": 24,
            "column": 5
          }
        },
        "loc": {
          "start": {
            "line": 24,
            "column": 65
          },
          "end": {
            "line": 26,
            "column": 5
          }
        },
        "line": 24
      },
      "3": {
        "name": "(anonymous_3)",
        "decl": {
          "start": {
            "line": 27,
            "column": 4
          },
          "end": {
            "line": 27,
            "column": 5
          }
        },
        "loc": {
          "start": {
            "line": 27,
            "column": 60
          },
          "end": {
            "line": 29,
            "column": 5
          }
        },
        "line": 27
      }
    },
    "branchMap": {},
    "s": {
      "0": 26,
      "1": 26,
      "2": 2,
      "3": 22,
      "4": 6,
      "5": 14,
      "6": 26
    },
    "f": {
      "0": 2,
      "1": 22,
      "2": 6,
      "3": 14
    },
    "b": {},
    "_coverageSchema": "1a1c01bbd47fc00a2c39e90264f33305004495a9",
    "hash": "2dac2180fd6ebf0d0109f81c39e431bc1107681b"
  },
  "/Users/dmitrijsereda/Documents/Work/prsnlmgr/src/redux/helpers/helpers.selector.ts": {
    "path": "/Users/dmitrijsereda/Documents/Work/prsnlmgr/src/redux/helpers/helpers.selector.ts",
    "statementMap": {
      "0": {
        "start": {
          "line": 4,
          "column": 22
        },
        "end": {
          "line": 4,
          "column": 57
        }
      },
      "1": {
        "start": {
          "line": 4,
          "column": 44
        },
        "end": {
          "line": 4,
          "column": 57
        }
      },
      "2": {
        "start": {
          "line": 6,
          "column": 35
        },
        "end": {
          "line": 9,
          "column": 1
        }
      },
      "3": {
        "start": {
          "line": 8,
          "column": 12
        },
        "end": {
          "line": 8,
          "column": 36
        }
      },
      "4": {
        "start": {
          "line": 11,
          "column": 27
        },
        "end": {
          "line": 14,
          "column": 1
        }
      },
      "5": {
        "start": {
          "line": 13,
          "column": 12
        },
        "end": {
          "line": 13,
          "column": 22
        }
      },
      "6": {
        "start": {
          "line": 16,
          "column": 38
        },
        "end": {
          "line": 19,
          "column": 1
        }
      },
      "7": {
        "start": {
          "line": 18,
          "column": 12
        },
        "end": {
          "line": 18,
          "column": 33
        }
      },
      "8": {
        "start": {
          "line": 21,
          "column": 32
        },
        "end": {
          "line": 24,
          "column": 1
        }
      },
      "9": {
        "start": {
          "line": 23,
          "column": 12
        },
        "end": {
          "line": 23,
          "column": 27
        }
      }
    },
    "fnMap": {
      "0": {
        "name": "(anonymous_0)",
        "decl": {
          "start": {
            "line": 4,
            "column": 22
          },
          "end": {
            "line": 4,
            "column": 23
          }
        },
        "loc": {
          "start": {
            "line": 4,
            "column": 44
          },
          "end": {
            "line": 4,
            "column": 57
          }
        },
        "line": 4
      },
      "1": {
        "name": "(anonymous_1)",
        "decl": {
          "start": {
            "line": 8,
            "column": 2
          },
          "end": {
            "line": 8,
            "column": 3
          }
        },
        "loc": {
          "start": {
            "line": 8,
            "column": 12
          },
          "end": {
            "line": 8,
            "column": 36
          }
        },
        "line": 8
      },
      "2": {
        "name": "(anonymous_2)",
        "decl": {
          "start": {
            "line": 13,
            "column": 2
          },
          "end": {
            "line": 13,
            "column": 3
          }
        },
        "loc": {
          "start": {
            "line": 13,
            "column": 12
          },
          "end": {
            "line": 13,
            "column": 22
          }
        },
        "line": 13
      },
      "3": {
        "name": "(anonymous_3)",
        "decl": {
          "start": {
            "line": 18,
            "column": 2
          },
          "end": {
            "line": 18,
            "column": 3
          }
        },
        "loc": {
          "start": {
            "line": 18,
            "column": 12
          },
          "end": {
            "line": 18,
            "column": 33
          }
        },
        "line": 18
      },
      "4": {
        "name": "(anonymous_4)",
        "decl": {
          "start": {
            "line": 23,
            "column": 2
          },
          "end": {
            "line": 23,
            "column": 3
          }
        },
        "loc": {
          "start": {
            "line": 23,
            "column": 12
          },
          "end": {
            "line": 23,
            "column": 27
          }
        },
        "line": 23
      }
    },
    "branchMap": {},
    "s": {
      "0": 26,
      "1": 270,
      "2": 26,
      "3": 54,
      "4": 26,
      "5": 26,
      "6": 26,
      "7": 20,
      "8": 26,
      "9": 54
    },
    "f": {
      "0": 270,
      "1": 54,
      "2": 26,
      "3": 20,
      "4": 54
    },
    "b": {},
    "_coverageSchema": "1a1c01bbd47fc00a2c39e90264f33305004495a9",
    "hash": "abe9e686a90c7b9dac7022ebb120844a282d958c"
  },
  "/Users/dmitrijsereda/Documents/Work/prsnlmgr/src/components/hamburger/hamburger.styles.tsx": {
    "path": "/Users/dmitrijsereda/Documents/Work/prsnlmgr/src/components/hamburger/hamburger.styles.tsx",
    "statementMap": {
      "0": {
        "start": {
          "line": 7,
          "column": 34
        },
        "end": {
          "line": 55,
          "column": 1
        }
      },
      "1": {
        "start": {
          "line": 29,
          "column": 6
        },
        "end": {
          "line": 29,
          "column": 42
        }
      },
      "2": {
        "start": {
          "line": 37,
          "column": 8
        },
        "end": {
          "line": 37,
          "column": 52
        }
      },
      "3": {
        "start": {
          "line": 41,
          "column": 36
        },
        "end": {
          "line": 41,
          "column": 60
        }
      },
      "4": {
        "start": {
          "line": 43,
          "column": 8
        },
        "end": {
          "line": 43,
          "column": 59
        }
      },
      "5": {
        "start": {
          "line": 48,
          "column": 8
        },
        "end": {
          "line": 48,
          "column": 53
        }
      }
    },
    "fnMap": {
      "0": {
        "name": "(anonymous_0)",
        "decl": {
          "start": {
            "line": 28,
            "column": 24
          },
          "end": {
            "line": 28,
            "column": 25
          }
        },
        "loc": {
          "start": {
            "line": 29,
            "column": 6
          },
          "end": {
            "line": 29,
            "column": 42
          }
        },
        "line": 29
      },
      "1": {
        "name": "(anonymous_1)",
        "decl": {
          "start": {
            "line": 36,
            "column": 19
          },
          "end": {
            "line": 36,
            "column": 20
          }
        },
        "loc": {
          "start": {
            "line": 37,
            "column": 8
          },
          "end": {
            "line": 37,
            "column": 52
          }
        },
        "line": 37
      },
      "2": {
        "name": "(anonymous_2)",
        "decl": {
          "start": {
            "line": 41,
            "column": 17
          },
          "end": {
            "line": 41,
            "column": 18
          }
        },
        "loc": {
          "start": {
            "line": 41,
            "column": 36
          },
          "end": {
            "line": 41,
            "column": 60
          }
        },
        "line": 41
      },
      "3": {
        "name": "(anonymous_3)",
        "decl": {
          "start": {
            "line": 42,
            "column": 19
          },
          "end": {
            "line": 42,
            "column": 20
          }
        },
        "loc": {
          "start": {
            "line": 43,
            "column": 8
          },
          "end": {
            "line": 43,
            "column": 59
          }
        },
        "line": 43
      },
      "4": {
        "name": "(anonymous_4)",
        "decl": {
          "start": {
            "line": 47,
            "column": 19
          },
          "end": {
            "line": 47,
            "column": 20
          }
        },
        "loc": {
          "start": {
            "line": 48,
            "column": 8
          },
          "end": {
            "line": 48,
            "column": 53
          }
        },
        "line": 48
      }
    },
    "branchMap": {
      "0": {
        "loc": {
          "start": {
            "line": 29,
            "column": 6
          },
          "end": {
            "line": 29,
            "column": 42
          }
        },
        "type": "cond-expr",
        "locations": [
          {
            "start": {
              "line": 29,
              "column": 21
            },
            "end": {
              "line": 29,
              "column": 30
            }
          },
          {
            "start": {
              "line": 29,
              "column": 33
            },
            "end": {
              "line": 29,
              "column": 42
            }
          }
        ],
        "line": 29
      },
      "1": {
        "loc": {
          "start": {
            "line": 37,
            "column": 8
          },
          "end": {
            "line": 37,
            "column": 52
          }
        },
        "type": "cond-expr",
        "locations": [
          {
            "start": {
              "line": 37,
              "column": 23
            },
            "end": {
              "line": 37,
              "column": 38
            }
          },
          {
            "start": {
              "line": 37,
              "column": 41
            },
            "end": {
              "line": 37,
              "column": 52
            }
          }
        ],
        "line": 37
      },
      "2": {
        "loc": {
          "start": {
            "line": 41,
            "column": 36
          },
          "end": {
            "line": 41,
            "column": 60
          }
        },
        "type": "cond-expr",
        "locations": [
          {
            "start": {
              "line": 41,
              "column": 51
            },
            "end": {
              "line": 41,
              "column": 54
            }
          },
          {
            "start": {
              "line": 41,
              "column": 57
            },
            "end": {
              "line": 41,
              "column": 60
            }
          }
        ],
        "line": 41
      },
      "3": {
        "loc": {
          "start": {
            "line": 43,
            "column": 8
          },
          "end": {
            "line": 43,
            "column": 59
          }
        },
        "type": "cond-expr",
        "locations": [
          {
            "start": {
              "line": 43,
              "column": 23
            },
            "end": {
              "line": 43,
              "column": 41
            }
          },
          {
            "start": {
              "line": 43,
              "column": 44
            },
            "end": {
              "line": 43,
              "column": 59
            }
          }
        ],
        "line": 43
      },
      "4": {
        "loc": {
          "start": {
            "line": 48,
            "column": 8
          },
          "end": {
            "line": 48,
            "column": 53
          }
        },
        "type": "cond-expr",
        "locations": [
          {
            "start": {
              "line": 48,
              "column": 23
            },
            "end": {
              "line": 48,
              "column": 39
            }
          },
          {
            "start": {
              "line": 48,
              "column": 42
            },
            "end": {
              "line": 48,
              "column": 53
            }
          }
        ],
        "line": 48
      }
    },
    "s": {
      "0": 26,
      "1": 84,
      "2": 84,
      "3": 84,
      "4": 84,
      "5": 84
    },
    "f": {
      "0": 84,
      "1": 84,
      "2": 84,
      "3": 84,
      "4": 84
    },
    "b": {
      "0": [
        0,
        84
      ],
      "1": [
        0,
        84
      ],
      "2": [
        0,
        84
      ],
      "3": [
        0,
        84
      ],
      "4": [
        0,
        84
      ]
    },
    "_coverageSchema": "1a1c01bbd47fc00a2c39e90264f33305004495a9",
    "hash": "fb1e0224877bca6db31df8bddb752a7e6fa4f0b3"
  },
  "/Users/dmitrijsereda/Documents/Work/prsnlmgr/src/components/hamburger/hamburger.component.tsx": {
    "path": "/Users/dmitrijsereda/Documents/Work/prsnlmgr/src/components/hamburger/hamburger.component.tsx",
    "statementMap": {
      "0": {
        "start": {
          "line": 7,
          "column": 28
        },
        "end": {
          "line": 20,
          "column": 1
        }
      },
      "1": {
        "start": {
          "line": 8,
          "column": 21
        },
        "end": {
          "line": 8,
          "column": 53
        }
      },
      "2": {
        "start": {
          "line": 9,
          "column": 19
        },
        "end": {
          "line": 9,
          "column": 35
        }
      },
      "3": {
        "start": {
          "line": 10,
          "column": 2
        },
        "end": {
          "line": 19,
          "column": 4
        }
      },
      "4": {
        "start": {
          "line": 12,
          "column": 21
        },
        "end": {
          "line": 12,
          "column": 60
        }
      }
    },
    "fnMap": {
      "0": {
        "name": "(anonymous_0)",
        "decl": {
          "start": {
            "line": 7,
            "column": 28
          },
          "end": {
            "line": 7,
            "column": 29
          }
        },
        "loc": {
          "start": {
            "line": 7,
            "column": 34
          },
          "end": {
            "line": 20,
            "column": 1
          }
        },
        "line": 7
      },
      "1": {
        "name": "(anonymous_1)",
        "decl": {
          "start": {
            "line": 12,
            "column": 15
          },
          "end": {
            "line": 12,
            "column": 16
          }
        },
        "loc": {
          "start": {
            "line": 12,
            "column": 21
          },
          "end": {
            "line": 12,
            "column": 60
          }
        },
        "line": 12
      }
    },
    "branchMap": {},
    "s": {
      "0": 26,
      "1": 84,
      "2": 84,
      "3": 84,
      "4": 0
    },
    "f": {
      "0": 84,
      "1": 0
    },
    "b": {},
    "_coverageSchema": "1a1c01bbd47fc00a2c39e90264f33305004495a9",
    "hash": "17f6b9b400dc1db6b4d1919201ee9634b88bf50a"
  },
  "/Users/dmitrijsereda/Documents/Work/prsnlmgr/src/components/header/header.component.tsx": {
    "path": "/Users/dmitrijsereda/Documents/Work/prsnlmgr/src/components/header/header.component.tsx",
    "statementMap": {
      "0": {
        "start": {
          "line": 12,
          "column": 25
        },
        "end": {
          "line": 63,
          "column": 1
        }
      },
      "1": {
        "start": {
          "line": 13,
          "column": 22
        },
        "end": {
          "line": 13,
          "column": 54
        }
      },
      "2": {
        "start": {
          "line": 14,
          "column": 32
        },
        "end": {
          "line": 14,
          "column": 44
        }
      },
      "3": {
        "start": {
          "line": 15,
          "column": 19
        },
        "end": {
          "line": 15,
          "column": 32
        }
      },
      "4": {
        "start": {
          "line": 16,
          "column": 19
        },
        "end": {
          "line": 16,
          "column": 32
        }
      },
      "5": {
        "start": {
          "line": 18,
          "column": 2
        },
        "end": {
          "line": 31,
          "column": 17
        }
      },
      "6": {
        "start": {
          "line": 19,
          "column": 4
        },
        "end": {
          "line": 30,
          "column": 5
        }
      },
      "7": {
        "start": {
          "line": 21,
          "column": 8
        },
        "end": {
          "line": 21,
          "column": 35
        }
      },
      "8": {
        "start": {
          "line": 22,
          "column": 8
        },
        "end": {
          "line": 22,
          "column": 14
        }
      },
      "9": {
        "start": {
          "line": 24,
          "column": 8
        },
        "end": {
          "line": 24,
          "column": 30
        }
      },
      "10": {
        "start": {
          "line": 25,
          "column": 8
        },
        "end": {
          "line": 25,
          "column": 14
        }
      },
      "11": {
        "start": {
          "line": 27,
          "column": 8
        },
        "end": {
          "line": 27,
          "column": 32
        }
      },
      "12": {
        "start": {
          "line": 28,
          "column": 8
        },
        "end": {
          "line": 28,
          "column": 14
        }
      },
      "13": {
        "start": {
          "line": 33,
          "column": 23
        },
        "end": {
          "line": 40,
          "column": 3
        }
      },
      "14": {
        "start": {
          "line": 34,
          "column": 4
        },
        "end": {
          "line": 34,
          "column": 23
        }
      },
      "15": {
        "start": {
          "line": 35,
          "column": 4
        },
        "end": {
          "line": 39,
          "column": 26
        }
      },
      "16": {
        "start": {
          "line": 37,
          "column": 8
        },
        "end": {
          "line": 37,
          "column": 27
        }
      },
      "17": {
        "start": {
          "line": 42,
          "column": 2
        },
        "end": {
          "line": 62,
          "column": 4
        }
      }
    },
    "fnMap": {
      "0": {
        "name": "(anonymous_0)",
        "decl": {
          "start": {
            "line": 12,
            "column": 25
          },
          "end": {
            "line": 12,
            "column": 26
          }
        },
        "loc": {
          "start": {
            "line": 12,
            "column": 31
          },
          "end": {
            "line": 63,
            "column": 1
          }
        },
        "line": 12
      },
      "1": {
        "name": "(anonymous_1)",
        "decl": {
          "start": {
            "line": 18,
            "column": 12
          },
          "end": {
            "line": 18,
            "column": 13
          }
        },
        "loc": {
          "start": {
            "line": 18,
            "column": 18
          },
          "end": {
            "line": 31,
            "column": 3
          }
        },
        "line": 18
      },
      "2": {
        "name": "(anonymous_2)",
        "decl": {
          "start": {
            "line": 33,
            "column": 23
          },
          "end": {
            "line": 33,
            "column": 24
          }
        },
        "loc": {
          "start": {
            "line": 33,
            "column": 67
          },
          "end": {
            "line": 40,
            "column": 3
          }
        },
        "line": 33
      },
      "3": {
        "name": "(anonymous_3)",
        "decl": {
          "start": {
            "line": 36,
            "column": 12
          },
          "end": {
            "line": 36,
            "column": 13
          }
        },
        "loc": {
          "start": {
            "line": 36,
            "column": 18
          },
          "end": {
            "line": 38,
            "column": 7
          }
        },
        "line": 36
      },
      "4": {
        "name": "(anonymous_4)",
        "decl": {
          "start": {
            "line": 39,
            "column": 13
          },
          "end": {
            "line": 39,
            "column": 14
          }
        },
        "loc": {
          "start": {
            "line": 39,
            "column": 22
          },
          "end": {
            "line": 39,
            "column": 24
          }
        },
        "line": 39
      }
    },
    "branchMap": {
      "0": {
        "loc": {
          "start": {
            "line": 19,
            "column": 4
          },
          "end": {
            "line": 30,
            "column": 5
          }
        },
        "type": "switch",
        "locations": [
          {
            "start": {
              "line": 20,
              "column": 6
            },
            "end": {
              "line": 22,
              "column": 14
            }
          },
          {
            "start": {
              "line": 23,
              "column": 6
            },
            "end": {
              "line": 25,
              "column": 14
            }
          },
          {
            "start": {
              "line": 26,
              "column": 6
            },
            "end": {
              "line": 28,
              "column": 14
            }
          },
          {
            "start": {
              "line": 29,
              "column": 6
            },
            "end": {
              "line": 29,
              "column": 14
            }
          }
        ],
        "line": 19
      },
      "1": {
        "loc": {
          "start": {
            "line": 45,
            "column": 9
          },
          "end": {
            "line": 52,
            "column": 9
          }
        },
        "type": "cond-expr",
        "locations": [
          {
            "start": {
              "line": 46,
              "column": 10
            },
            "end": {
              "line": 46,
              "column": 69
            }
          },
          {
            "start": {
              "line": 48,
              "column": 10
            },
            "end": {
              "line": 51,
              "column": 13
            }
          }
        ],
        "line": 45
      },
      "2": {
        "loc": {
          "start": {
            "line": 54,
            "column": 7
          },
          "end": {
            "line": 60,
            "column": 7
          }
        },
        "type": "cond-expr",
        "locations": [
          {
            "start": {
              "line": 55,
              "column": 8
            },
            "end": {
              "line": 55,
              "column": 67
            }
          },
          {
            "start": {
              "line": 57,
              "column": 8
            },
            "end": {
              "line": 59,
              "column": 15
            }
          }
        ],
        "line": 54
      }
    },
    "s": {
      "0": 26,
      "1": 154,
      "2": 154,
      "3": 154,
      "4": 154,
      "5": 154,
      "6": 82,
      "7": 40,
      "8": 40,
      "9": 12,
      "10": 12,
      "11": 0,
      "12": 0,
      "13": 154,
      "14": 0,
      "15": 0,
      "16": 0,
      "17": 154
    },
    "f": {
      "0": 154,
      "1": 82,
      "2": 0,
      "3": 0,
      "4": 0
    },
    "b": {
      "0": [
        40,
        12,
        0,
        30
      ],
      "1": [
        50,
        104
      ],
      "2": [
        104,
        50
      ]
    },
    "_coverageSchema": "1a1c01bbd47fc00a2c39e90264f33305004495a9",
    "hash": "16afe1428d4f34dcfc536dc1708a88acfeb43020"
  },
  "/Users/dmitrijsereda/Documents/Work/prsnlmgr/src/components/auth-form/auth-form.styles.tsx": {
    "path": "/Users/dmitrijsereda/Documents/Work/prsnlmgr/src/components/auth-form/auth-form.styles.tsx",
    "statementMap": {
      "0": {
        "start": {
          "line": 4,
          "column": 33
        },
        "end": {
          "line": 8,
          "column": 1
        }
      },
      "1": {
        "start": {
          "line": 10,
          "column": 35
        },
        "end": {
          "line": 30,
          "column": 1
        }
      }
    },
    "fnMap": {},
    "branchMap": {},
    "s": {
      "0": 26,
      "1": 26
    },
    "f": {},
    "b": {},
    "_coverageSchema": "1a1c01bbd47fc00a2c39e90264f33305004495a9",
    "hash": "81115d40df49803811eca913b756592c2b218818"
  },
  "/Users/dmitrijsereda/Documents/Work/prsnlmgr/src/components/auth-form/auth-form.component.tsx": {
    "path": "/Users/dmitrijsereda/Documents/Work/prsnlmgr/src/components/auth-form/auth-form.component.tsx",
    "statementMap": {
      "0": {
        "start": {
          "line": 14,
          "column": 34
        },
        "end": {
          "line": 71,
          "column": 1
        }
      },
      "1": {
        "start": {
          "line": 15,
          "column": 40
        },
        "end": {
          "line": 15,
          "column": 77
        }
      },
      "2": {
        "start": {
          "line": 17,
          "column": 28
        },
        "end": {
          "line": 20,
          "column": 3
        }
      },
      "3": {
        "start": {
          "line": 18,
          "column": 28
        },
        "end": {
          "line": 18,
          "column": 43
        }
      },
      "4": {
        "start": {
          "line": 19,
          "column": 4
        },
        "end": {
          "line": 19,
          "column": 54
        }
      },
      "5": {
        "start": {
          "line": 22,
          "column": 2
        },
        "end": {
          "line": 70,
          "column": 4
        }
      },
      "6": {
        "start": {
          "line": 25,
          "column": 8
        },
        "end": {
          "line": 25,
          "column": 40
        }
      }
    },
    "fnMap": {
      "0": {
        "name": "(anonymous_0)",
        "decl": {
          "start": {
            "line": 14,
            "column": 34
          },
          "end": {
            "line": 14,
            "column": 35
          }
        },
        "loc": {
          "start": {
            "line": 14,
            "column": 66
          },
          "end": {
            "line": 71,
            "column": 1
          }
        },
        "line": 14
      },
      "1": {
        "name": "(anonymous_1)",
        "decl": {
          "start": {
            "line": 17,
            "column": 28
          },
          "end": {
            "line": 17,
            "column": 29
          }
        },
        "loc": {
          "start": {
            "line": 17,
            "column": 72
          },
          "end": {
            "line": 20,
            "column": 3
          }
        },
        "line": 17
      },
      "2": {
        "name": "(anonymous_2)",
        "decl": {
          "start": {
            "line": 24,
            "column": 16
          },
          "end": {
            "line": 24,
            "column": 17
          }
        },
        "loc": {
          "start": {
            "line": 25,
            "column": 8
          },
          "end": {
            "line": 25,
            "column": 40
          }
        },
        "line": 25
      }
    },
    "branchMap": {
      "0": {
        "loc": {
          "start": {
            "line": 51,
            "column": 7
          },
          "end": {
            "line": 55,
            "column": 7
          }
        },
        "type": "cond-expr",
        "locations": [
          {
            "start": {
              "line": 52,
              "column": 8
            },
            "end": {
              "line": 52,
              "column": 45
            }
          },
          {
            "start": {
              "line": 54,
              "column": 8
            },
            "end": {
              "line": 54,
              "column": 46
            }
          }
        ],
        "line": 51
      },
      "1": {
        "loc": {
          "start": {
            "line": 57,
            "column": 9
          },
          "end": {
            "line": 67,
            "column": 9
          }
        },
        "type": "cond-expr",
        "locations": [
          {
            "start": {
              "line": 58,
              "column": 10
            },
            "end": {
              "line": 61,
              "column": 13
            }
          },
          {
            "start": {
              "line": 63,
              "column": 10
            },
            "end": {
              "line": 66,
              "column": 13
            }
          }
        ],
        "line": 57
      }
    },
    "s": {
      "0": 26,
      "1": 192,
      "2": 192,
      "3": 160,
      "4": 160,
      "5": 192,
      "6": 6
    },
    "f": {
      "0": 192,
      "1": 160,
      "2": 6
    },
    "b": {
      "0": [
        144,
        48
      ],
      "1": [
        144,
        48
      ]
    },
    "_coverageSchema": "1a1c01bbd47fc00a2c39e90264f33305004495a9",
    "hash": "13c950507d428be68357fb0872a627e0d163cd8b"
  },
  "/Users/dmitrijsereda/Documents/Work/prsnlmgr/src/pages/login/login.component.tsx": {
    "path": "/Users/dmitrijsereda/Documents/Work/prsnlmgr/src/pages/login/login.component.tsx",
    "statementMap": {
      "0": {
        "start": {
          "line": 10,
          "column": 28
        },
        "end": {
          "line": 43,
          "column": 1
        }
      },
      "1": {
        "start": {
          "line": 11,
          "column": 19
        },
        "end": {
          "line": 11,
          "column": 32
        }
      },
      "2": {
        "start": {
          "line": 12,
          "column": 19
        },
        "end": {
          "line": 12,
          "column": 35
        }
      },
      "3": {
        "start": {
          "line": 14,
          "column": 27
        },
        "end": {
          "line": 34,
          "column": 3
        }
      },
      "4": {
        "start": {
          "line": 18,
          "column": 4
        },
        "end": {
          "line": 18,
          "column": 23
        }
      },
      "5": {
        "start": {
          "line": 19,
          "column": 4
        },
        "end": {
          "line": 33,
          "column": 9
        }
      },
      "6": {
        "start": {
          "line": 22,
          "column": 8
        },
        "end": {
          "line": 22,
          "column": 22
        }
      },
      "7": {
        "start": {
          "line": 26,
          "column": 8
        },
        "end": {
          "line": 32,
          "column": 10
        }
      },
      "8": {
        "start": {
          "line": 36,
          "column": 2
        },
        "end": {
          "line": 42,
          "column": 4
        }
      }
    },
    "fnMap": {
      "0": {
        "name": "(anonymous_0)",
        "decl": {
          "start": {
            "line": 10,
            "column": 28
          },
          "end": {
            "line": 10,
            "column": 29
          }
        },
        "loc": {
          "start": {
            "line": 10,
            "column": 34
          },
          "end": {
            "line": 43,
            "column": 1
          }
        },
        "line": 10
      },
      "1": {
        "name": "(anonymous_1)",
        "decl": {
          "start": {
            "line": 14,
            "column": 27
          },
          "end": {
            "line": 14,
            "column": 28
          }
        },
        "loc": {
          "start": {
            "line": 17,
            "column": 7
          },
          "end": {
            "line": 34,
            "column": 3
          }
        },
        "line": 17
      },
      "2": {
        "name": "(anonymous_2)",
        "decl": {
          "start": {
            "line": 20,
            "column": 12
          },
          "end": {
            "line": 20,
            "column": 13
          }
        },
        "loc": {
          "start": {
            "line": 20,
            "column": 32
          },
          "end": {
            "line": 23,
            "column": 7
          }
        },
        "line": 20
      },
      "3": {
        "name": "(anonymous_3)",
        "decl": {
          "start": {
            "line": 24,
            "column": 13
          },
          "end": {
            "line": 24,
            "column": 14
          }
        },
        "loc": {
          "start": {
            "line": 24,
            "column": 24
          },
          "end": {
            "line": 33,
            "column": 7
          }
        },
        "line": 24
      }
    },
    "branchMap": {},
    "s": {
      "0": 26,
      "1": 28,
      "2": 28,
      "3": 28,
      "4": 4,
      "5": 4,
      "6": 2,
      "7": 2,
      "8": 28
    },
    "f": {
      "0": 28,
      "1": 4,
      "2": 2,
      "3": 2
    },
    "b": {},
    "_coverageSchema": "1a1c01bbd47fc00a2c39e90264f33305004495a9",
    "hash": "8cca87cfab172299725e379d2c15a4901b1edf61"
  },
  "/Users/dmitrijsereda/Documents/Work/prsnlmgr/src/pages/signup/signup.component.tsx": {
    "path": "/Users/dmitrijsereda/Documents/Work/prsnlmgr/src/pages/signup/signup.component.tsx",
    "statementMap": {
      "0": {
        "start": {
          "line": 10,
          "column": 29
        },
        "end": {
          "line": 57,
          "column": 1
        }
      },
      "1": {
        "start": {
          "line": 11,
          "column": 19
        },
        "end": {
          "line": 11,
          "column": 32
        }
      },
      "2": {
        "start": {
          "line": 12,
          "column": 19
        },
        "end": {
          "line": 12,
          "column": 35
        }
      },
      "3": {
        "start": {
          "line": 14,
          "column": 27
        },
        "end": {
          "line": 49,
          "column": 3
        }
      },
      "4": {
        "start": {
          "line": 18,
          "column": 4
        },
        "end": {
          "line": 18,
          "column": 23
        }
      },
      "5": {
        "start": {
          "line": 20,
          "column": 4
        },
        "end": {
          "line": 48,
          "column": 9
        }
      },
      "6": {
        "start": {
          "line": 27,
          "column": 8
        },
        "end": {
          "line": 27,
          "column": 22
        }
      },
      "7": {
        "start": {
          "line": 30,
          "column": 26
        },
        "end": {
          "line": 30,
          "column": 36
        }
      },
      "8": {
        "start": {
          "line": 31,
          "column": 8
        },
        "end": {
          "line": 47,
          "column": 9
        }
      },
      "9": {
        "start": {
          "line": 32,
          "column": 10
        },
        "end": {
          "line": 38,
          "column": 12
        }
      },
      "10": {
        "start": {
          "line": 40,
          "column": 10
        },
        "end": {
          "line": 46,
          "column": 12
        }
      },
      "11": {
        "start": {
          "line": 51,
          "column": 2
        },
        "end": {
          "line": 56,
          "column": 4
        }
      }
    },
    "fnMap": {
      "0": {
        "name": "(anonymous_0)",
        "decl": {
          "start": {
            "line": 10,
            "column": 29
          },
          "end": {
            "line": 10,
            "column": 30
          }
        },
        "loc": {
          "start": {
            "line": 10,
            "column": 35
          },
          "end": {
            "line": 57,
            "column": 1
          }
        },
        "line": 10
      },
      "1": {
        "name": "(anonymous_1)",
        "decl": {
          "start": {
            "line": 14,
            "column": 27
          },
          "end": {
            "line": 14,
            "column": 28
          }
        },
        "loc": {
          "start": {
            "line": 17,
            "column": 7
          },
          "end": {
            "line": 49,
            "column": 3
          }
        },
        "line": 17
      },
      "2": {
        "name": "(anonymous_2)",
        "decl": {
          "start": {
            "line": 25,
            "column": 12
          },
          "end": {
            "line": 25,
            "column": 13
          }
        },
        "loc": {
          "start": {
            "line": 25,
            "column": 32
          },
          "end": {
            "line": 28,
            "column": 7
          }
        },
        "line": 25
      },
      "3": {
        "name": "(anonymous_3)",
        "decl": {
          "start": {
            "line": 29,
            "column": 13
          },
          "end": {
            "line": 29,
            "column": 14
          }
        },
        "loc": {
          "start": {
            "line": 29,
            "column": 24
          },
          "end": {
            "line": 48,
            "column": 7
          }
        },
        "line": 29
      }
    },
    "branchMap": {
      "0": {
        "loc": {
          "start": {
            "line": 31,
            "column": 8
          },
          "end": {
            "line": 47,
            "column": 9
          }
        },
        "type": "if",
        "locations": [
          {
            "start": {
              "line": 31,
              "column": 8
            },
            "end": {
              "line": 47,
              "column": 9
            }
          },
          {
            "start": {
              "line": 31,
              "column": 8
            },
            "end": {
              "line": 47,
              "column": 9
            }
          }
        ],
        "line": 31
      }
    },
    "s": {
      "0": 26,
      "1": 4,
      "2": 4,
      "3": 4,
      "4": 2,
      "5": 2,
      "6": 0,
      "7": 2,
      "8": 2,
      "9": 2,
      "10": 0,
      "11": 4
    },
    "f": {
      "0": 4,
      "1": 2,
      "2": 0,
      "3": 2
    },
    "b": {
      "0": [
        2,
        0
      ]
    },
    "_coverageSchema": "1a1c01bbd47fc00a2c39e90264f33305004495a9",
    "hash": "13f7646d9a8d9e7319c5b5218d87fe688df796a3"
  },
  "/Users/dmitrijsereda/Documents/Work/prsnlmgr/src/utils/schemaFactory.ts": {
    "path": "/Users/dmitrijsereda/Documents/Work/prsnlmgr/src/utils/schemaFactory.ts",
    "statementMap": {
      "0": {
        "start": {
          "line": 4,
          "column": 29
        },
        "end": {
          "line": 19,
          "column": 1
        }
      },
      "1": {
        "start": {
          "line": 5,
          "column": 2
        },
        "end": {
          "line": 18,
          "column": 5
        }
      },
      "2": {
        "start": {
          "line": 7,
          "column": 6
        },
        "end": {
          "line": 7,
          "column": 48
        }
      },
      "3": {
        "start": {
          "line": 10,
          "column": 6
        },
        "end": {
          "line": 10,
          "column": 66
        }
      },
      "4": {
        "start": {
          "line": 13,
          "column": 6
        },
        "end": {
          "line": 13,
          "column": 44
        }
      },
      "5": {
        "start": {
          "line": 16,
          "column": 6
        },
        "end": {
          "line": 16,
          "column": 52
        }
      }
    },
    "fnMap": {
      "0": {
        "name": "(anonymous_0)",
        "decl": {
          "start": {
            "line": 4,
            "column": 29
          },
          "end": {
            "line": 4,
            "column": 30
          }
        },
        "loc": {
          "start": {
            "line": 4,
            "column": 54
          },
          "end": {
            "line": 19,
            "column": 1
          }
        },
        "line": 4
      },
      "1": {
        "name": "(anonymous_1)",
        "decl": {
          "start": {
            "line": 6,
            "column": 32
          },
          "end": {
            "line": 6,
            "column": 33
          }
        },
        "loc": {
          "start": {
            "line": 6,
            "column": 38
          },
          "end": {
            "line": 8,
            "column": 5
          }
        },
        "line": 6
      },
      "2": {
        "name": "(anonymous_2)",
        "decl": {
          "start": {
            "line": 9,
            "column": 37
          },
          "end": {
            "line": 9,
            "column": 38
          }
        },
        "loc": {
          "start": {
            "line": 9,
            "column": 43
          },
          "end": {
            "line": 11,
            "column": 5
          }
        },
        "line": 9
      },
      "3": {
        "name": "(anonymous_3)",
        "decl": {
          "start": {
            "line": 12,
            "column": 28
          },
          "end": {
            "line": 12,
            "column": 29
          }
        },
        "loc": {
          "start": {
            "line": 12,
            "column": 34
          },
          "end": {
            "line": 14,
            "column": 5
          }
        },
        "line": 12
      },
      "4": {
        "name": "(anonymous_4)",
        "decl": {
          "start": {
            "line": 15,
            "column": 32
          },
          "end": {
            "line": 15,
            "column": 33
          }
        },
        "loc": {
          "start": {
            "line": 15,
            "column": 38
          },
          "end": {
            "line": 17,
            "column": 5
          }
        },
        "line": 15
      }
    },
    "branchMap": {},
    "s": {
      "0": 26,
      "1": 18,
      "2": 4,
      "3": 4,
      "4": 4,
      "5": 4
    },
    "f": {
      "0": 18,
      "1": 4,
      "2": 4,
      "3": 4,
      "4": 4
    },
    "b": {},
    "_coverageSchema": "1a1c01bbd47fc00a2c39e90264f33305004495a9",
    "hash": "7554e6e90780c67c9d7411bc430092e1c2b78e13"
  },
  "/Users/dmitrijsereda/Documents/Work/prsnlmgr/src/components/claim-form/claim-form.styles.tsx": {
    "path": "/Users/dmitrijsereda/Documents/Work/prsnlmgr/src/components/claim-form/claim-form.styles.tsx",
    "statementMap": {
      "0": {
        "start": {
          "line": 4,
          "column": 34
        },
        "end": {
          "line": 12,
          "column": 1
        }
      }
    },
    "fnMap": {},
    "branchMap": {},
    "s": {
      "0": 26
    },
    "f": {},
    "b": {},
    "_coverageSchema": "1a1c01bbd47fc00a2c39e90264f33305004495a9",
    "hash": "105eba2eb99e3e8daab43686fae58c549ff79afd"
  },
  "/Users/dmitrijsereda/Documents/Work/prsnlmgr/src/components/claim-form/claim-form.component.tsx": {
    "path": "/Users/dmitrijsereda/Documents/Work/prsnlmgr/src/components/claim-form/claim-form.component.tsx",
    "statementMap": {
      "0": {
        "start": {
          "line": 22,
          "column": 28
        },
        "end": {
          "line": 212,
          "column": 1
        }
      },
      "1": {
        "start": {
          "line": 23,
          "column": 28
        },
        "end": {
          "line": 29,
          "column": 4
        }
      },
      "2": {
        "start": {
          "line": 30,
          "column": 40
        },
        "end": {
          "line": 30,
          "column": 65
        }
      },
      "3": {
        "start": {
          "line": 33,
          "column": 15
        },
        "end": {
          "line": 33,
          "column": 47
        }
      },
      "4": {
        "start": {
          "line": 34,
          "column": 19
        },
        "end": {
          "line": 34,
          "column": 35
        }
      },
      "5": {
        "start": {
          "line": 36,
          "column": 31
        },
        "end": {
          "line": 43,
          "column": 3
        }
      },
      "6": {
        "start": {
          "line": 41,
          "column": 28
        },
        "end": {
          "line": 41,
          "column": 43
        }
      },
      "7": {
        "start": {
          "line": 42,
          "column": 4
        },
        "end": {
          "line": 42,
          "column": 42
        }
      },
      "8": {
        "start": {
          "line": 45,
          "column": 28
        },
        "end": {
          "line": 111,
          "column": 3
        }
      },
      "9": {
        "start": {
          "line": 46,
          "column": 4
        },
        "end": {
          "line": 46,
          "column": 23
        }
      },
      "10": {
        "start": {
          "line": 49,
          "column": 32
        },
        "end": {
          "line": 49,
          "column": 34
        }
      },
      "11": {
        "start": {
          "line": 50,
          "column": 24
        },
        "end": {
          "line": 50,
          "column": 45
        }
      },
      "12": {
        "start": {
          "line": 52,
          "column": 4
        },
        "end": {
          "line": 110,
          "column": 5
        }
      },
      "13": {
        "start": {
          "line": 53,
          "column": 6
        },
        "end": {
          "line": 56,
          "column": 8
        }
      },
      "14": {
        "start": {
          "line": 57,
          "column": 6
        },
        "end": {
          "line": 57,
          "column": 25
        }
      },
      "15": {
        "start": {
          "line": 60,
          "column": 22
        },
        "end": {
          "line": 60,
          "column": 30
        }
      },
      "16": {
        "start": {
          "line": 63,
          "column": 6
        },
        "end": {
          "line": 68,
          "column": 9
        }
      },
      "17": {
        "start": {
          "line": 83,
          "column": 6
        },
        "end": {
          "line": 89,
          "column": 8
        }
      },
      "18": {
        "start": {
          "line": 92,
          "column": 6
        },
        "end": {
          "line": 98,
          "column": 9
        }
      },
      "19": {
        "start": {
          "line": 101,
          "column": 6
        },
        "end": {
          "line": 101,
          "column": 29
        }
      },
      "20": {
        "start": {
          "line": 103,
          "column": 6
        },
        "end": {
          "line": 109,
          "column": 8
        }
      },
      "21": {
        "start": {
          "line": 113,
          "column": 2
        },
        "end": {
          "line": 211,
          "column": 4
        }
      }
    },
    "fnMap": {
      "0": {
        "name": "(anonymous_0)",
        "decl": {
          "start": {
            "line": 22,
            "column": 28
          },
          "end": {
            "line": 22,
            "column": 29
          }
        },
        "loc": {
          "start": {
            "line": 22,
            "column": 34
          },
          "end": {
            "line": 212,
            "column": 1
          }
        },
        "line": 22
      },
      "1": {
        "name": "(anonymous_1)",
        "decl": {
          "start": {
            "line": 36,
            "column": 31
          },
          "end": {
            "line": 36,
            "column": 32
          }
        },
        "loc": {
          "start": {
            "line": 40,
            "column": 7
          },
          "end": {
            "line": 43,
            "column": 3
          }
        },
        "line": 40
      },
      "2": {
        "name": "(anonymous_2)",
        "decl": {
          "start": {
            "line": 45,
            "column": 28
          },
          "end": {
            "line": 45,
            "column": 29
          }
        },
        "loc": {
          "start": {
            "line": 45,
            "column": 78
          },
          "end": {
            "line": 111,
            "column": 3
          }
        },
        "line": 45
      }
    },
    "branchMap": {
      "0": {
        "loc": {
          "start": {
            "line": 127,
            "column": 9
          },
          "end": {
            "line": 131,
            "column": 9
          }
        },
        "type": "binary-expr",
        "locations": [
          {
            "start": {
              "line": 127,
              "column": 9
            },
            "end": {
              "line": 127,
              "column": 29
            }
          },
          {
            "start": {
              "line": 128,
              "column": 10
            },
            "end": {
              "line": 130,
              "column": 25
            }
          }
        ],
        "line": 127
      },
      "1": {
        "loc": {
          "start": {
            "line": 146,
            "column": 9
          },
          "end": {
            "line": 150,
            "column": 9
          }
        },
        "type": "binary-expr",
        "locations": [
          {
            "start": {
              "line": 146,
              "column": 9
            },
            "end": {
              "line": 146,
              "column": 31
            }
          },
          {
            "start": {
              "line": 147,
              "column": 10
            },
            "end": {
              "line": 149,
              "column": 25
            }
          }
        ],
        "line": 146
      },
      "2": {
        "loc": {
          "start": {
            "line": 164,
            "column": 9
          },
          "end": {
            "line": 166,
            "column": 9
          }
        },
        "type": "binary-expr",
        "locations": [
          {
            "start": {
              "line": 164,
              "column": 9
            },
            "end": {
              "line": 164,
              "column": 25
            }
          },
          {
            "start": {
              "line": 165,
              "column": 10
            },
            "end": {
              "line": 165,
              "column": 77
            }
          }
        ],
        "line": 164
      },
      "3": {
        "loc": {
          "start": {
            "line": 193,
            "column": 9
          },
          "end": {
            "line": 197,
            "column": 9
          }
        },
        "type": "binary-expr",
        "locations": [
          {
            "start": {
              "line": 193,
              "column": 9
            },
            "end": {
              "line": 193,
              "column": 29
            }
          },
          {
            "start": {
              "line": 194,
              "column": 10
            },
            "end": {
              "line": 196,
              "column": 25
            }
          }
        ],
        "line": 193
      }
    },
    "s": {
      "0": 26,
      "1": 340,
      "2": 340,
      "3": 340,
      "4": 340,
      "5": 340,
      "6": 296,
      "7": 296,
      "8": 340,
      "9": 14,
      "10": 14,
      "11": 14,
      "12": 14,
      "13": 14,
      "14": 12,
      "15": 12,
      "16": 12,
      "17": 12,
      "18": 12,
      "19": 2,
      "20": 2,
      "21": 340
    },
    "f": {
      "0": 340,
      "1": 296,
      "2": 14
    },
    "b": {
      "0": [
        340,
        2
      ],
      "1": [
        340,
        2
      ],
      "2": [
        340,
        2
      ],
      "3": [
        340,
        2
      ]
    },
    "_coverageSchema": "1a1c01bbd47fc00a2c39e90264f33305004495a9",
    "hash": "850d0a7bb3cca4c83ecc149f7ae11c0ea0a9c81c"
  },
  "/Users/dmitrijsereda/Documents/Work/prsnlmgr/src/pages/create-entry/create-entry.component.tsx": {
    "path": "/Users/dmitrijsereda/Documents/Work/prsnlmgr/src/pages/create-entry/create-entry.component.tsx",
    "statementMap": {
      "0": {
        "start": {
          "line": 5,
          "column": 34
        },
        "end": {
          "line": 14,
          "column": 1
        }
      },
      "1": {
        "start": {
          "line": 6,
          "column": 2
        },
        "end": {
          "line": 13,
          "column": 4
        }
      }
    },
    "fnMap": {
      "0": {
        "name": "(anonymous_0)",
        "decl": {
          "start": {
            "line": 5,
            "column": 34
          },
          "end": {
            "line": 5,
            "column": 35
          }
        },
        "loc": {
          "start": {
            "line": 5,
            "column": 40
          },
          "end": {
            "line": 14,
            "column": 1
          }
        },
        "line": 5
      }
    },
    "branchMap": {},
    "s": {
      "0": 26,
      "1": 30
    },
    "f": {
      "0": 30
    },
    "b": {},
    "_coverageSchema": "1a1c01bbd47fc00a2c39e90264f33305004495a9",
    "hash": "1f43f9ea68cb35f9a06368228127340ace7f503b"
  },
  "/Users/dmitrijsereda/Documents/Work/prsnlmgr/src/components/sidebar/sidebar.styles.tsx": {
    "path": "/Users/dmitrijsereda/Documents/Work/prsnlmgr/src/components/sidebar/sidebar.styles.tsx",
    "statementMap": {
      "0": {
        "start": {
          "line": 7,
          "column": 22
        },
        "end": {
          "line": 17,
          "column": 1
        }
      },
      "1": {
        "start": {
          "line": 19,
          "column": 32
        },
        "end": {
          "line": 43,
          "column": 1
        }
      },
      "2": {
        "start": {
          "line": 36,
          "column": 6
        },
        "end": {
          "line": 36,
          "column": 59
        }
      },
      "3": {
        "start": {
          "line": 45,
          "column": 25
        },
        "end": {
          "line": 60,
          "column": 1
        }
      },
      "4": {
        "start": {
          "line": 62,
          "column": 26
        },
        "end": {
          "line": 78,
          "column": 1
        }
      },
      "5": {
        "start": {
          "line": 80,
          "column": 30
        },
        "end": {
          "line": 84,
          "column": 1
        }
      }
    },
    "fnMap": {
      "0": {
        "name": "(anonymous_0)",
        "decl": {
          "start": {
            "line": 35,
            "column": 17
          },
          "end": {
            "line": 35,
            "column": 18
          }
        },
        "loc": {
          "start": {
            "line": 36,
            "column": 6
          },
          "end": {
            "line": 36,
            "column": 59
          }
        },
        "line": 36
      }
    },
    "branchMap": {
      "0": {
        "loc": {
          "start": {
            "line": 36,
            "column": 6
          },
          "end": {
            "line": 36,
            "column": 59
          }
        },
        "type": "cond-expr",
        "locations": [
          {
            "start": {
              "line": 36,
              "column": 21
            },
            "end": {
              "line": 36,
              "column": 37
            }
          },
          {
            "start": {
              "line": 36,
              "column": 40
            },
            "end": {
              "line": 36,
              "column": 59
            }
          }
        ],
        "line": 36
      }
    },
    "s": {
      "0": 26,
      "1": 26,
      "2": 34,
      "3": 26,
      "4": 26,
      "5": 26
    },
    "f": {
      "0": 34
    },
    "b": {
      "0": [
        0,
        34
      ]
    },
    "_coverageSchema": "1a1c01bbd47fc00a2c39e90264f33305004495a9",
    "hash": "a559e6141eb4e7c11733a3c8ff431cb8b1122e80"
  },
  "/Users/dmitrijsereda/Documents/Work/prsnlmgr/src/components/navigation/navigation.styles.tsx": {
    "path": "/Users/dmitrijsereda/Documents/Work/prsnlmgr/src/components/navigation/navigation.styles.tsx",
    "statementMap": {
      "0": {
        "start": {
          "line": 6,
          "column": 35
        },
        "end": {
          "line": 12,
          "column": 1
        }
      },
      "1": {
        "start": {
          "line": 14,
          "column": 30
        },
        "end": {
          "line": 19,
          "column": 1
        }
      },
      "2": {
        "start": {
          "line": 21,
          "column": 34
        },
        "end": {
          "line": 46,
          "column": 1
        }
      },
      "3": {
        "start": {
          "line": 32,
          "column": 26
        },
        "end": {
          "line": 32,
          "column": 73
        }
      },
      "4": {
        "start": {
          "line": 36,
          "column": 6
        },
        "end": {
          "line": 36,
          "column": 68
        }
      }
    },
    "fnMap": {
      "0": {
        "name": "(anonymous_0)",
        "decl": {
          "start": {
            "line": 32,
            "column": 8
          },
          "end": {
            "line": 32,
            "column": 9
          }
        },
        "loc": {
          "start": {
            "line": 32,
            "column": 26
          },
          "end": {
            "line": 32,
            "column": 73
          }
        },
        "line": 32
      },
      "1": {
        "name": "(anonymous_1)",
        "decl": {
          "start": {
            "line": 35,
            "column": 6
          },
          "end": {
            "line": 35,
            "column": 7
          }
        },
        "loc": {
          "start": {
            "line": 36,
            "column": 6
          },
          "end": {
            "line": 36,
            "column": 68
          }
        },
        "line": 36
      }
    },
    "branchMap": {
      "0": {
        "loc": {
          "start": {
            "line": 32,
            "column": 26
          },
          "end": {
            "line": 32,
            "column": 73
          }
        },
        "type": "binary-expr",
        "locations": [
          {
            "start": {
              "line": 32,
              "column": 26
            },
            "end": {
              "line": 32,
              "column": 41
            }
          },
          {
            "start": {
              "line": 32,
              "column": 45
            },
            "end": {
              "line": 32,
              "column": 73
            }
          }
        ],
        "line": 32
      },
      "1": {
        "loc": {
          "start": {
            "line": 36,
            "column": 6
          },
          "end": {
            "line": 36,
            "column": 68
          }
        },
        "type": "binary-expr",
        "locations": [
          {
            "start": {
              "line": 36,
              "column": 6
            },
            "end": {
              "line": 36,
              "column": 20
            }
          },
          {
            "start": {
              "line": 36,
              "column": 24
            },
            "end": {
              "line": 36,
              "column": 68
            }
          }
        ],
        "line": 36
      }
    },
    "s": {
      "0": 26,
      "1": 26,
      "2": 26,
      "3": 306,
      "4": 306
    },
    "f": {
      "0": 306,
      "1": 306
    },
    "b": {
      "0": [
        306,
        246
      ],
      "1": [
        306,
        60
      ]
    },
    "_coverageSchema": "1a1c01bbd47fc00a2c39e90264f33305004495a9",
    "hash": "7a0b88ba92cbf430c59b9d3716e9663545842da9"
  },
  "/Users/dmitrijsereda/Documents/Work/prsnlmgr/src/components/navigation/navigation.component.tsx": {
    "path": "/Users/dmitrijsereda/Documents/Work/prsnlmgr/src/components/navigation/navigation.component.tsx",
    "statementMap": {
      "0": {
        "start": {
          "line": 11,
          "column": 29
        },
        "end": {
          "line": 48,
          "column": 1
        }
      },
      "1": {
        "start": {
          "line": 12,
          "column": 38
        },
        "end": {
          "line": 12,
          "column": 50
        }
      },
      "2": {
        "start": {
          "line": 13,
          "column": 19
        },
        "end": {
          "line": 13,
          "column": 32
        }
      },
      "3": {
        "start": {
          "line": 14,
          "column": 19
        },
        "end": {
          "line": 14,
          "column": 35
        }
      },
      "4": {
        "start": {
          "line": 16,
          "column": 29
        },
        "end": {
          "line": 18,
          "column": 3
        }
      },
      "5": {
        "start": {
          "line": 17,
          "column": 4
        },
        "end": {
          "line": 17,
          "column": 38
        }
      },
      "6": {
        "start": {
          "line": 20,
          "column": 2
        },
        "end": {
          "line": 22,
          "column": 17
        }
      },
      "7": {
        "start": {
          "line": 21,
          "column": 4
        },
        "end": {
          "line": 21,
          "column": 37
        }
      },
      "8": {
        "start": {
          "line": 24,
          "column": 2
        },
        "end": {
          "line": 47,
          "column": 4
        }
      }
    },
    "fnMap": {
      "0": {
        "name": "(anonymous_0)",
        "decl": {
          "start": {
            "line": 11,
            "column": 29
          },
          "end": {
            "line": 11,
            "column": 30
          }
        },
        "loc": {
          "start": {
            "line": 11,
            "column": 35
          },
          "end": {
            "line": 48,
            "column": 1
          }
        },
        "line": 11
      },
      "1": {
        "name": "(anonymous_1)",
        "decl": {
          "start": {
            "line": 16,
            "column": 29
          },
          "end": {
            "line": 16,
            "column": 30
          }
        },
        "loc": {
          "start": {
            "line": 16,
            "column": 69
          },
          "end": {
            "line": 18,
            "column": 3
          }
        },
        "line": 16
      },
      "2": {
        "name": "(anonymous_2)",
        "decl": {
          "start": {
            "line": 20,
            "column": 12
          },
          "end": {
            "line": 20,
            "column": 13
          }
        },
        "loc": {
          "start": {
            "line": 20,
            "column": 18
          },
          "end": {
            "line": 22,
            "column": 3
          }
        },
        "line": 20
      }
    },
    "branchMap": {},
    "s": {
      "0": 26,
      "1": 104,
      "2": 104,
      "3": 104,
      "4": 104,
      "5": 14,
      "6": 104,
      "7": 56,
      "8": 104
    },
    "f": {
      "0": 104,
      "1": 14,
      "2": 56
    },
    "b": {},
    "_coverageSchema": "1a1c01bbd47fc00a2c39e90264f33305004495a9",
    "hash": "abb0fb88a887ee2ae7b2d042f617f35bfc35860b"
  },
  "/Users/dmitrijsereda/Documents/Work/prsnlmgr/src/components/sidebar/sidebar.component.tsx": {
    "path": "/Users/dmitrijsereda/Documents/Work/prsnlmgr/src/components/sidebar/sidebar.component.tsx",
    "statementMap": {
      "0": {
        "start": {
          "line": 11,
          "column": 47
        },
        "end": {
          "line": 31,
          "column": 1
        }
      },
      "1": {
        "start": {
          "line": 12,
          "column": 2
        },
        "end": {
          "line": 30,
          "column": 4
        }
      }
    },
    "fnMap": {
      "0": {
        "name": "(anonymous_0)",
        "decl": {
          "start": {
            "line": 11,
            "column": 47
          },
          "end": {
            "line": 11,
            "column": 48
          }
        },
        "loc": {
[...]
        0,
        0
      ],
      "10": [
        0,
        0
      ]
    },
    "_coverageSchema": "1a1c01bbd47fc00a2c39e90264f33305004495a9",
    "hash": "28de64350e6f5cceb26794fb79523ab3869a1a27"
  },
  "/Users/dmitrijsereda/Documents/Work/prsnlmgr/src/App.tsx": {
    "path": "/Users/dmitrijsereda/Documents/Work/prsnlmgr/src/App.tsx",
    "statementMap": {
      "0": {
        "start": {
          "line": 28,
          "column": 22
        },
        "end": {
          "line": 155,
          "column": 1
        }
      },
      "1": {
        "start": {
          "line": 29,
          "column": 22
        },
        "end": {
          "line": 29,
          "column": 54
        }
      },
      "2": {
        "start": {
          "line": 30,
          "column": 24
        },
        "end": {
          "line": 30,
          "column": 59
        }
      },
      "3": {
        "start": {
          "line": 31,
          "column": 21
        },
        "end": {
          "line": 31,
          "column": 53
        }
      },
      "4": {
        "start": {
          "line": 33,
          "column": 19
        },
        "end": {
          "line": 33,
          "column": 35
        }
      },
      "5": {
        "start": {
          "line": 35,
          "column": 2
        },
        "end": {
          "line": 51,
          "column": 9
        }
      },
      "6": {
        "start": {
          "line": 36,
          "column": 4
        },
        "end": {
          "line": 49,
          "column": 7
        }
      },
      "7": {
        "start": {
          "line": 38,
          "column": 6
        },
        "end": {
          "line": 48,
          "column": 7
        }
      },
      "8": {
        "start": {
          "line": 39,
          "column": 8
        },
        "end": {
          "line": 45,
          "column": 10
        }
      },
      "9": {
        "start": {
          "line": 47,
          "column": 8
        },
        "end": {
          "line": 47,
          "column": 41
        }
      },
      "10": {
        "start": {
          "line": 54,
          "column": 2
        },
        "end": {
          "line": 61,
          "column": 22
        }
      },
      "11": {
        "start": {
          "line": 55,
          "column": 4
        },
        "end": {
          "line": 59,
          "column": 5
        }
      },
      "12": {
        "start": {
          "line": 56,
          "column": 6
        },
        "end": {
          "line": 58,
          "column": 15
        }
      },
      "13": {
        "start": {
          "line": 57,
          "column": 8
        },
        "end": {
          "line": 57,
          "column": 45
        }
      },
      "14": {
        "start": {
          "line": 64,
          "column": 2
        },
        "end": {
          "line": 78,
          "column": 20
        }
      },
      "15": {
        "start": {
          "line": 65,
          "column": 4
        },
        "end": {
          "line": 76,
          "column": 5
        }
      },
      "16": {
        "start": {
          "line": 66,
          "column": 27
        },
        "end": {
          "line": 66,
          "column": 69
        }
      },
      "17": {
        "start": {
          "line": 67,
          "column": 6
        },
        "end": {
          "line": 75,
          "column": 9
        }
      },
      "18": {
        "start": {
          "line": 68,
          "column": 21
        },
        "end": {
          "line": 68,
          "column": 35
        }
      },
      "19": {
        "start": {
          "line": 69,
          "column": 8
        },
        "end": {
          "line": 74,
          "column": 9
        }
      },
      "20": {
        "start": {
          "line": 70,
          "column": 51
        },
        "end": {
          "line": 70,
          "column": 70
        }
      },
      "21": {
        "start": {
          "line": 71,
          "column": 10
        },
        "end": {
          "line": 71,
          "column": 48
        }
      },
      "22": {
        "start": {
          "line": 73,
          "column": 10
        },
        "end": {
          "line": 73,
          "column": 38
        }
      },
      "23": {
        "start": {
          "line": 80,
          "column": 2
        },
        "end": {
          "line": 154,
          "column": 4
        }
      }
    },
    "fnMap": {
      "0": {
        "name": "(anonymous_0)",
        "decl": {
          "start": {
            "line": 28,
            "column": 22
          },
          "end": {
            "line": 28,
            "column": 23
          }
        },
        "loc": {
          "start": {
            "line": 28,
            "column": 28
          },
          "end": {
            "line": 155,
            "column": 1
          }
        },
        "line": 28
      },
      "1": {
        "name": "(anonymous_1)",
        "decl": {
          "start": {
            "line": 35,
            "column": 12
          },
          "end": {
            "line": 35,
            "column": 13
          }
        },
        "loc": {
          "start": {
            "line": 35,
            "column": 18
          },
          "end": {
            "line": 51,
            "column": 3
          }
        },
        "line": 35
      },
      "2": {
        "name": "(anonymous_2)",
        "decl": {
          "start": {
            "line": 36,
            "column": 28
          },
          "end": {
            "line": 36,
            "column": 29
          }
        },
        "loc": {
          "start": {
            "line": 36,
            "column": 38
          },
          "end": {
            "line": 49,
            "column": 5
          }
        },
        "line": 36
      },
      "3": {
        "name": "(anonymous_3)",
        "decl": {
          "start": {
            "line": 54,
            "column": 12
          },
          "end": {
            "line": 54,
            "column": 13
          }
        },
        "loc": {
          "start": {
            "line": 54,
            "column": 18
          },
          "end": {
            "line": 61,
            "column": 3
          }
        },
        "line": 54
      },
      "4": {
        "name": "(anonymous_4)",
        "decl": {
          "start": {
            "line": 56,
            "column": 17
          },
          "end": {
            "line": 56,
            "column": 18
          }
        },
        "loc": {
          "start": {
            "line": 56,
            "column": 23
          },
          "end": {
            "line": 58,
            "column": 7
          }
        },
        "line": 56
      },
      "5": {
        "name": "(anonymous_5)",
        "decl": {
          "start": {
            "line": 64,
            "column": 12
          },
          "end": {
            "line": 64,
            "column": 13
          }
        },
        "loc": {
          "start": {
            "line": 64,
            "column": 18
          },
          "end": {
            "line": 78,
            "column": 3
          }
        },
        "line": 64
      },
      "6": {
        "name": "(anonymous_6)",
        "decl": {
          "start": {
            "line": 67,
            "column": 28
          },
          "end": {
            "line": 67,
            "column": 29
          }
        },
        "loc": {
          "start": {
            "line": 67,
            "column": 42
          },
          "end": {
            "line": 75,
            "column": 7
          }
        },
        "line": 67
      }
    },
    "branchMap": {
      "0": {
        "loc": {
          "start": {
            "line": 38,
            "column": 6
          },
          "end": {
            "line": 48,
            "column": 7
          }
        },
        "type": "if",
        "locations": [
          {
            "start": {
              "line": 38,
              "column": 6
            },
            "end": {
              "line": 48,
              "column": 7
            }
          },
          {
            "start": {
              "line": 38,
              "column": 6
            },
            "end": {
              "line": 48,
              "column": 7
            }
          }
        ],
        "line": 38
      },
      "1": {
        "loc": {
          "start": {
            "line": 42,
            "column": 19
          },
          "end": {
            "line": 42,
            "column": 35
          }
        },
        "type": "binary-expr",
        "locations": [
          {
            "start": {
              "line": 42,
              "column": 19
            },
            "end": {
              "line": 42,
              "column": 29
            }
          },
          {
            "start": {
              "line": 42,
              "column": 33
            },
            "end": {
              "line": 42,
              "column": 35
            }
          }
        ],
        "line": 42
      },
      "2": {
        "loc": {
          "start": {
            "line": 55,
            "column": 4
          },
          "end": {
            "line": 59,
            "column": 5
          }
        },
        "type": "if",
        "locations": [
          {
            "start": {
              "line": 55,
              "column": 4
            },
            "end": {
              "line": 59,
              "column": 5
            }
          },
          {
            "start": {
              "line": 55,
              "column": 4
            },
            "end": {
              "line": 59,
              "column": 5
            }
          }
        ],
        "line": 55
      },
      "3": {
        "loc": {
          "start": {
            "line": 65,
            "column": 4
          },
          "end": {
            "line": 76,
            "column": 5
          }
        },
        "type": "if",
        "locations": [
          {
            "start": {
              "line": 65,
              "column": 4
            },
            "end": {
              "line": 76,
              "column": 5
            }
          },
          {
            "start": {
              "line": 65,
              "column": 4
            },
            "end": {
              "line": 76,
              "column": 5
            }
          }
        ],
        "line": 65
      },
      "4": {
        "loc": {
          "start": {
            "line": 69,
            "column": 8
          },
          "end": {
            "line": 74,
            "column": 9
          }
        },
        "type": "if",
        "locations": [
          {
            "start": {
              "line": 69,
              "column": 8
            },
            "end": {
              "line": 74,
              "column": 9
            }
          },
          {
            "start": {
              "line": 69,
              "column": 8
            },
            "end": {
              "line": 74,
              "column": 9
            }
          }
        ],
        "line": 69
      },
      "5": {
        "loc": {
          "start": {
            "line": 83,
            "column": 7
          },
          "end": {
            "line": 83,
            "column": 33
          }
        },
        "type": "binary-expr",
        "locations": [
          {
            "start": {
              "line": 83,
              "column": 7
            },
            "end": {
              "line": 83,
              "column": 20
            }
          },
          {
            "start": {
              "line": 83,
              "column": 24
            },
            "end": {
              "line": 83,
              "column": 33
            }
          }
        ],
        "line": 83
      },
      "6": {
        "loc": {
          "start": {
            "line": 85,
            "column": 9
          },
          "end": {
            "line": 85,
            "column": 55
          }
        },
        "type": "binary-expr",
        "locations": [
          {
            "start": {
              "line": 85,
              "column": 9
            },
            "end": {
              "line": 85,
              "column": 20
            }
          },
          {
            "start": {
              "line": 85,
              "column": 24
            },
            "end": {
              "line": 85,
              "column": 55
            }
          }
        ],
        "line": 85
      }
    },
    "s": {
      "0": 26,
      "1": 64,
      "2": 64,
      "3": 64,
      "4": 64,
      "5": 64,
      "6": 26,
      "7": 26,
      "8": 20,
      "9": 6,
      "10": 64,
      "11": 44,
      "12": 16,
      "13": 2,
      "14": 64,
      "15": 46,
      "16": 20,
      "17": 20,
      "18": 32,
      "19": 32,
      "20": 30,
      "21": 30,
      "22": 2,
      "23": 64
    },
    "f": {
      "0": 64,
      "1": 26,
      "2": 26,
      "3": 44,
      "4": 2,
      "5": 46,
      "6": 32
    },
    "b": {
      "0": [
        20,
        6
      ],
      "1": [
        20,
        0
      ],
      "2": [
        16,
        28
      ],
      "3": [
        20,
        26
      ],
      "4": [
        30,
        2
      ],
      "5": [
        64,
        16
      ],
      "6": [
        64,
        34
      ]
    },
    "_coverageSchema": "1a1c01bbd47fc00a2c39e90264f33305004495a9",
    "hash": "44a27e540ce92fa9f3ce0a98875e59cd8d071688"
  },
  "/Users/dmitrijsereda/Documents/Work/prsnlmgr/src/reportWebVitals.ts": {
    "path": "/Users/dmitrijsereda/Documents/Work/prsnlmgr/src/reportWebVitals.ts",
    "statementMap": {
      "0": {
        "start": {
          "line": 3,
          "column": 24
        },
        "end": {
          "line": 13,
          "column": 1
        }
      },
      "1": {
        "start": {
          "line": 4,
          "column": 2
        },
        "end": {
          "line": 12,
          "column": 3
        }
      },
      "2": {
        "start": {
          "line": 5,
          "column": 4
        },
        "end": {
          "line": 11,
          "column": 7
        }
      },
      "3": {
        "start": {
          "line": 6,
          "column": 6
        },
        "end": {
          "line": 6,
          "column": 26
        }
      },
      "4": {
        "start": {
          "line": 7,
          "column": 6
        },
        "end": {
          "line": 7,
          "column": 26
        }
      },
      "5": {
        "start": {
          "line": 8,
          "column": 6
        },
        "end": {
          "line": 8,
          "column": 26
        }
      },
      "6": {
        "start": {
          "line": 9,
          "column": 6
        },
        "end": {
          "line": 9,
          "column": 26
        }
      },
      "7": {
        "start": {
          "line": 10,
          "column": 6
        },
        "end": {
          "line": 10,
          "column": 27
        }
      }
    },
    "fnMap": {
      "0": {
        "name": "(anonymous_0)",
        "decl": {
          "start": {
            "line": 3,
            "column": 24
          },
          "end": {
            "line": 3,
            "column": 25
          }
        },
        "loc": {
          "start": {
            "line": 3,
            "column": 57
          },
          "end": {
            "line": 13,
            "column": 1
          }
        },
        "line": 3
      },
      "1": {
        "name": "(anonymous_1)",
        "decl": {
          "start": {
            "line": 5,
            "column": 30
          },
          "end": {
            "line": 5,
            "column": 31
          }
        },
        "loc": {
          "start": {
            "line": 5,
            "column": 79
          },
          "end": {
            "line": 11,
            "column": 5
          }
        },
        "line": 5
      }
    },
    "branchMap": {
      "0": {
        "loc": {
          "start": {
            "line": 4,
            "column": 2
          },
          "end": {
            "line": 12,
            "column": 3
          }
        },
        "type": "if",
        "locations": [
          {
            "start": {
              "line": 4,
              "column": 2
            },
            "end": {
              "line": 12,
              "column": 3
            }
          },
          {
            "start": {
              "line": 4,
              "column": 2
            },
            "end": {
              "line": 12,
              "column": 3
            }
          }
        ],
        "line": 4
      },
      "1": {
        "loc": {
          "start": {
            "line": 4,
            "column": 6
          },
          "end": {
            "line": 4,
            "column": 52
          }
        },
        "type": "binary-expr",
        "locations": [
          {
            "start": {
              "line": 4,
              "column": 6
            },
            "end": {
              "line": 4,
              "column": 17
            }
          },
          {
            "start": {
              "line": 4,
              "column": 21
            },
            "end": {
              "line": 4,
              "column": 52
            }
          }
        ],
        "line": 4
      }
    },
    "s": {
      "0": 26,
      "1": 26,
      "2": 0,
      "3": 0,
      "4": 0,
      "5": 0,
      "6": 0,
      "7": 0
    },
    "f": {
      "0": 26,
      "1": 0
    },
    "b": {
      "0": [
        0,
        26
      ],
      "1": [
        26,
        0
      ]
    },
    "_coverageSchema": "1a1c01bbd47fc00a2c39e90264f33305004495a9",
    "hash": "ba373fef28ee89f5a5cf1b00849543954c445186"
  },
  "/Users/dmitrijsereda/Documents/Work/prsnlmgr/src/redux/store.ts": {
    "path": "/Users/dmitrijsereda/Documents/Work/prsnlmgr/src/redux/store.ts",
    "statementMap": {
      "0": {
        "start": {
          "line": 5,
          "column": 21
        },
        "end": {
          "line": 11,
          "column": 2
        }
      }
    },
    "fnMap": {},
    "branchMap": {
      "0": {
        "loc": {
          "start": {
            "line": 10,
            "column": 12
          },
          "end": {
            "line": 10,
            "column": 76
          }
        },
        "type": "cond-expr",
        "locations": [
          {
            "start": {
              "line": 10,
              "column": 64
            },
            "end": {
              "line": 10,
              "column": 69
            }
          },
          {
            "start": {
              "line": 10,
              "column": 72
            },
            "end": {
              "line": 10,
              "column": 76
            }
          }
        ],
        "line": 10
      }
    },
    "s": {
      "0": 26
    },
    "f": {},
    "b": {
      "0": [
        0,
        26
      ]
    },
    "_coverageSchema": "1a1c01bbd47fc00a2c39e90264f33305004495a9",
    "hash": "d6e31898e10a61ff7dc573a089634a19a537642a"
  },
  "/Users/dmitrijsereda/Documents/Work/prsnlmgr/src/index.tsx": {
    "path": "/Users/dmitrijsereda/Documents/Work/prsnlmgr/src/index.tsx",
    "statementMap": {
      "0": {
        "start": {
          "line": 9,
          "column": 13
        },
        "end": {
          "line": 11,
          "column": 1
        }
      },
      "1": {
        "start": {
          "line": 12,
          "column": 0
        },
        "end": {
          "line": 20,
          "column": 2
        }
      },
      "2": {
        "start": {
          "line": 25,
          "column": 0
        },
        "end": {
          "line": 25,
          "column": 18
        }
      }
    },
    "fnMap": {},
    "branchMap": {},
    "s": {
      "0": 26,
      "1": 26,
      "2": 26
    },
    "f": {},
    "b": {},
    "_coverageSchema": "1a1c01bbd47fc00a2c39e90264f33305004495a9",
    "hash": "07fa1456e28ccf847bfb2e17a022d8051291aed3"
  }
}